#
# A fatal error has been detected by the Java Runtime Environment:
#
#  SIGSEGV (0xb) at pc=0x00007f89f493b658, pid=18897, tid=140230225266432
#
# JRE version: 6.0_24-b07
# Java VM: Java HotSpot(TM) 64-Bit Server VM (19.1-b02 mixed mode linux-amd64 compressed oops)
# Problematic frame:
# v  ~BufferBlob::vtable chunks
#
# If you would like to submit a bug report, please visit:
#   http://java.sun.com/webapps/bugreport/crash.jsp
#

---------------  T H R E A D  ---------------

Current thread (0x00007f89ece04000):  JavaThread "org.eclipse.cdt.internal.ui.text.CReconciler" daemon [_thread_in_Java, id=18939, stack(0x00007f89e4b38000,0x00007f89e4c39000)]

siginfo:si_signo=SIGSEGV: si_errno=0, si_code=1 (SEGV_MAPERR), si_addr=0x0000000002680128

Registers:
RAX=0x0000000772620c80, RBX=0x00000007e20a9d80, RCX=0x0000000000000000, RDX=0x00000007e20a9ca0
RSP=0x00007f89e4c36cb8, RBP=0x0000000000000001, RSI=0x0000000002680120, RDI=0x00000007774986f8
R8 =0x0000000000000000, R9 =0x00000000fc2205cb, R10=0x00000007e20a9ca0, R11=0x00000000004d0024
R12=0x0000000000000000, R13=0x00007f89f51915d0, R14=0x00007f89e4c36d50, R15=0x00007f89ece04000
RIP=0x00007f89f493b658, EFL=0x0000000000010202, CSGSFS=0x0000000000000033, ERR=0x0000000000000004
  TRAPNO=0x000000000000000e

Register to memory mapping:

RAX=0x0000000772620c80
{instance class} 
 - klass: {other class}

RBX=0x00000007e20a9d80

[error occurred during error reporting (printing registers, top of stack, instructions near pc), id 0xe0000000]

Stack: [0x00007f89e4b38000,0x00007f89e4c39000],  sp=0x00007f89e4c36cb8,  free space=1019k
Native frames: (J=compiled Java code, j=interpreted, Vv=VM code, C=native code)
v  ~BufferBlob::vtable chunks


---------------  P R O C E S S  ---------------

Java Threads: ( => current thread )
  0x00007f89d85dd000 JavaThread "org.eclipse.cdt.internal.ui.text.CReconciler" daemon [_thread_blocked, id=18990, stack(0x00007f89de950000,0x00007f89dea51000)]
  0x0000000040f3d000 JavaThread "[ThreadPool Manager] - Idle Thread" daemon [_thread_blocked, id=18979, stack(0x00007f89dee55000,0x00007f89def56000)]
  0x00007f89da13a000 JavaThread "Java2D Disposer" daemon [_thread_blocked, id=18978, stack(0x00007f89ded54000,0x00007f89dee55000)]
  0x000000004111c800 JavaThread "Worker-23" [_thread_blocked, id=18963, stack(0x00007f89df1f2000,0x00007f89df2f3000)]
  0x0000000041724800 JavaThread "Worker-22" [_thread_blocked, id=18962, stack(0x00007f89df2f3000,0x00007f89df3f4000)]
  0x0000000041bb9000 JavaThread "Worker-21" [_thread_blocked, id=18961, stack(0x00007f89df3f4000,0x00007f89df4f5000)]
  0x0000000041bb4000 JavaThread "Worker-20" [_thread_blocked, id=18960, stack(0x00007f89df4f5000,0x00007f89df5f6000)]
  0x0000000040ba9000 JavaThread "Worker-19" [_thread_blocked, id=18959, stack(0x00007f89df5f6000,0x00007f89df6f7000)]
  0x0000000040be3800 JavaThread "Worker-18" [_thread_blocked, id=18958, stack(0x00007f89df6f7000,0x00007f89df7f8000)]
  0x0000000040be1800 JavaThread "Worker-17" [_thread_blocked, id=18957, stack(0x00007f89df7f8000,0x00007f89df8f9000)]
  0x00000000412e8000 JavaThread "Worker-16" [_thread_blocked, id=18956, stack(0x00007f89df8f9000,0x00007f89df9fa000)]
  0x00000000412e5800 JavaThread "Worker-15" [_thread_blocked, id=18955, stack(0x00007f89df9fa000,0x00007f89dfafb000)]
  0x00007f89e005a000 JavaThread "Worker-14" [_thread_blocked, id=18954, stack(0x00007f89dfafb000,0x00007f89dfbfc000)]
  0x0000000041802800 JavaThread "Worker-13" [_thread_blocked, id=18953, stack(0x00007f89dfbfc000,0x00007f89dfcfd000)]
  0x0000000041800800 JavaThread "Worker-12" [_thread_blocked, id=18952, stack(0x00007f89dfcfd000,0x00007f89dfdfe000)]
  0x00000000418cc000 JavaThread "Worker-11" [_thread_blocked, id=18951, stack(0x00007f89dfdfe000,0x00007f89dfeff000)]
  0x000000004101e800 JavaThread "Worker-10" [_thread_blocked, id=18950, stack(0x00007f89dfeff000,0x00007f89e0000000)]
  0x00000000413af800 JavaThread "Worker-9" [_thread_blocked, id=18949, stack(0x00007f89e4020000,0x00007f89e4121000)]
  0x000000004199d000 JavaThread "Worker-8" [_thread_blocked, id=18948, stack(0x00007f89e4121000,0x00007f89e4222000)]
  0x0000000041cd4000 JavaThread "Worker-7" [_thread_blocked, id=18947, stack(0x00007f89e4222000,0x00007f89e4323000)]
  0x0000000040e6b000 JavaThread "Worker-6" [_thread_blocked, id=18946, stack(0x00007f89e4323000,0x00007f89e4424000)]
  0x0000000040fd2000 JavaThread "Worker-5" [_thread_blocked, id=18945, stack(0x00007f89e4424000,0x00007f89e4525000)]
  0x000000004185e800 JavaThread "Worker-4" [_thread_blocked, id=18944, stack(0x00007f89e4525000,0x00007f89e4626000)]
  0x0000000040d98800 JavaThread "Worker-3" [_thread_blocked, id=18943, stack(0x00007f89e562b000,0x00007f89e572c000)]
  0x00000000412e9800 JavaThread "Worker-2" [_thread_blocked, id=18942, stack(0x00007f89e5833000,0x00007f89e5934000)]
  0x00007f89ece08000 JavaThread "Java indexing" daemon [_thread_blocked, id=18941, stack(0x00007f89e4c39000,0x00007f89e4d3a000)]
  0x00007f89ece2b800 JavaThread "Bundle File Closer" daemon [_thread_blocked, id=18940, stack(0x00007f89e4a2f000,0x00007f89e4b30000)]
=>0x00007f89ece04000 JavaThread "org.eclipse.cdt.internal.ui.text.CReconciler" daemon [_thread_in_Java, id=18939, stack(0x00007f89e4b38000,0x00007f89e4c39000)]
  0x0000000040f5a800 JavaThread "Worker-1" [_thread_blocked, id=18924, stack(0x00007f89e572f000,0x00007f89e5830000)]
  0x0000000040b25000 JavaThread "Worker-0" [_thread_blocked, id=18922, stack(0x00007f89e6798000,0x00007f89e6899000)]
  0x00007f89ec377000 JavaThread "Worker-JM" [_thread_blocked, id=18921, stack(0x00007f89e6596000,0x00007f89e6697000)]
  0x0000000041098800 JavaThread "[Timer] - Main Queue Handler" daemon [_thread_blocked, id=18920, stack(0x00007f89e6697000,0x00007f89e6798000)]
  0x00000000417d6000 JavaThread "Framework Event Dispatcher" daemon [_thread_blocked, id=18918, stack(0x00007f89e6899000,0x00007f89e699a000)]
  0x0000000040bb3000 JavaThread "Start Level Event Dispatcher" daemon [_thread_blocked, id=18917, stack(0x00007f89e699a000,0x00007f89e6a9b000)]
  0x0000000040c0c000 JavaThread "State Data Manager" daemon [_thread_blocked, id=18916, stack(0x00007f89e6a9b000,0x00007f89e6b9c000)]
  0x0000000040eb8800 JavaThread "Framework Active Thread" [_thread_blocked, id=18915, stack(0x00007f89e6b9c000,0x00007f89e6c9d000)]
  0x00007f89ec097800 JavaThread "Low Memory Detector" daemon [_thread_blocked, id=18913, stack(0x00007f89f2053000,0x00007f89f2154000)]
  0x00007f89ec095000 JavaThread "CompilerThread1" daemon [_thread_in_native, id=18912, stack(0x00007f89f2154000,0x00007f89f2255000)]
  0x00007f89ec092000 JavaThread "CompilerThread0" daemon [_thread_blocked, id=18911, stack(0x00007f89f2255000,0x00007f89f2356000)]
  0x00007f89ec090000 JavaThread "Signal Dispatcher" daemon [_thread_blocked, id=18910, stack(0x00007f89f2356000,0x00007f89f2457000)]
  0x00007f89ec073800 JavaThread "Finalizer" daemon [_thread_blocked, id=18909, stack(0x00007f89f2b3b000,0x00007f89f2c3c000)]
  0x00007f89ec071800 JavaThread "Reference Handler" daemon [_thread_blocked, id=18908, stack(0x00007f89f2c3c000,0x00007f89f2d3d000)]
  0x0000000040a5b000 JavaThread "main" [_thread_in_native, id=18898, stack(0x00007f89f8768000,0x00007f89f8869000)]

Other Threads:
  0x00007f89ec06b000 VMThread [stack: 0x00007f89f2d3d000,0x00007f89f2e3e000] [id=18907]
  0x00007f89ec0a2000 WatcherThread [stack: 0x00007f89f1f52000,0x00007f89f2053000] [id=18914]

VM state:not at safepoint (normal execution)

VM Mutex/Monitor currently owned by a thread: None

Heap
 PSYoungGen      total 568064K, used 254849K [0x00000007d5560000, 0x0000000800000000, 0x0000000800000000)
  eden space 524416K, 40% used [0x00000007d5560000,0x00000007e23a2678,0x00000007f5580000)
  from space 43648K, 99% used [0x00000007f5580000,0x00000007f801e0e0,0x00000007f8020000)
  to   space 114944K, 0% used [0x00000007f8fc0000,0x00000007f8fc0000,0x0000000800000000)
 PSOldGen        total 699072K, used 135128K [0x0000000780000000, 0x00000007aaab0000, 0x00000007d5560000)
  object space 699072K, 19% used [0x0000000780000000,0x00000007883f6278,0x00000007aaab0000)
 PSPermGen       total 124736K, used 124595K [0x0000000770000000, 0x00000007779d0000, 0x0000000780000000)
  object space 124736K, 99% used [0x0000000770000000,0x00000007779acdf8,0x00000007779d0000)

Dynamic libraries:
40000000-40009000 r-xp 00000000 08:02 17432867                           /opt/jdk1.6.0_24/bin/java
40108000-4010a000 rwxp 00008000 08:02 17432867                           /opt/jdk1.6.0_24/bin/java
40a52000-42ff9000 rwxp 00000000 00:00 0                                  [heap]
770000000-7779d0000 rwxp 00000000 00:00 0 
7779d0000-780000000 rwxp 00000000 00:00 0 
780000000-7aaab0000 rwxp 00000000 00:00 0 
7aaab0000-7d5560000 rwxp 00000000 00:00 0 
7d5560000-800000000 rwxp 00000000 00:00 0 
7f89d0000000-7f89d040f000 rwxp 00000000 00:00 0 
7f89d040f000-7f89d4000000 ---p 00000000 00:00 0 
7f89d469f000-7f89d8000000 r-xp 00000000 08:02 3806958                    /usr/share/icons/gnome/icon-theme.cache
7f89d8000000-7f89dbffd000 rwxp 00000000 00:00 0 
7f89dbffd000-7f89dc000000 ---p 00000000 00:00 0 
7f89dca5c000-7f89dcad5000 r-xp 00000000 08:02 17436486                   /opt/jdk1.6.0_24/jre/lib/amd64/libfontmanager.so
7f89dcad5000-7f89dcbd4000 ---p 00079000 08:02 17436486                   /opt/jdk1.6.0_24/jre/lib/amd64/libfontmanager.so
7f89dcbd4000-7f89dcbe9000 rwxp 00078000 08:02 17436486                   /opt/jdk1.6.0_24/jre/lib/amd64/libfontmanager.so
7f89dcbe9000-7f89dcbfa000 rwxp 00000000 00:00 0 
7f89dcbfa000-7f89dcc3c000 r-xp 00000000 08:02 17436526                   /opt/jdk1.6.0_24/jre/lib/amd64/xawt/libmawt.so
7f89dcc3c000-7f89dcd3b000 ---p 00042000 08:02 17436526                   /opt/jdk1.6.0_24/jre/lib/amd64/xawt/libmawt.so
7f89dcd3b000-7f89dcd47000 rwxp 00041000 08:02 17436526                   /opt/jdk1.6.0_24/jre/lib/amd64/xawt/libmawt.so
7f89dcd47000-7f89dcd48000 rwxp 00000000 00:00 0 
7f89dcd48000-7f89dcdda000 r-xp 00000000 08:02 17436481                   /opt/jdk1.6.0_24/jre/lib/amd64/libawt.so
7f89dcdda000-7f89dced9000 ---p 00092000 08:02 17436481                   /opt/jdk1.6.0_24/jre/lib/amd64/libawt.so
7f89dced9000-7f89dcef2000 rwxp 00091000 08:02 17436481                   /opt/jdk1.6.0_24/jre/lib/amd64/libawt.so
7f89dcef2000-7f89dcf17000 rwxp 00000000 00:00 0 
7f89dcf17000-7f89dcf24000 r-xp 00000000 08:02 13900654                   /lib/x86_64-linux-gnu/libudev.so.0.12.0
7f89dcf24000-7f89dd123000 ---p 0000d000 08:02 13900654                   /lib/x86_64-linux-gnu/libudev.so.0.12.0
7f89dd123000-7f89dd124000 r-xp 0000c000 08:02 13900654                   /lib/x86_64-linux-gnu/libudev.so.0.12.0
7f89dd124000-7f89dd125000 rwxp 0000d000 08:02 13900654                   /lib/x86_64-linux-gnu/libudev.so.0.12.0
7f89dd125000-7f89dd167000 r-xp 00000000 08:02 13894564                   /lib/x86_64-linux-gnu/libdbus-1.so.3.5.7
7f89dd167000-7f89dd367000 ---p 00042000 08:02 13894564                   /lib/x86_64-linux-gnu/libdbus-1.so.3.5.7
7f89dd367000-7f89dd368000 r-xp 00042000 08:02 13894564                   /lib/x86_64-linux-gnu/libdbus-1.so.3.5.7
7f89dd368000-7f89dd369000 rwxp 00043000 08:02 13894564                   /lib/x86_64-linux-gnu/libdbus-1.so.3.5.7
7f89dd369000-7f89dd37f000 r-xp 00000000 08:02 2097731                    /usr/lib/gvfs/libgvfscommon.so
7f89dd37f000-7f89dd57e000 ---p 00016000 08:02 2097731                    /usr/lib/gvfs/libgvfscommon.so
7f89dd57e000-7f89dd57f000 r-xp 00015000 08:02 2097731                    /usr/lib/gvfs/libgvfscommon.so
7f89dd57f000-7f89dd580000 rwxp 00016000 08:02 2097731                    /usr/lib/gvfs/libgvfscommon.so
7f89dd580000-7f89dd5a9000 r-xp 00000000 08:02 2228758                    /usr/lib/gio/modules/libgvfsdbus.so
7f89dd5a9000-7f89dd7a9000 ---p 00029000 08:02 2228758                    /usr/lib/gio/modules/libgvfsdbus.so
7f89dd7a9000-7f89dd7aa000 r-xp 00029000 08:02 2228758                    /usr/lib/gio/modules/libgvfsdbus.so
7f89dd7aa000-7f89dd7ab000 rwxp 0002a000 08:02 2228758                    /usr/lib/gio/modules/libgvfsdbus.so
7f89dd7ab000-7f89dd7ac000 rwxp 00000000 00:00 0 
7f89dd7ac000-7f89de68d000 r-xp 00000000 08:02 3807043                    /usr/share/icons/hicolor/icon-theme.cache
7f89de6cf000-7f89de74e000 r-xs 00740000 08:02 4332062                    /opt/eclipse/plugins/org.eclipse.wst.jsdt.ui_1.1.102.v201201131900.jar
7f89de74e000-7f89de751000 ---p 00000000 00:00 0 
7f89de751000-7f89de84f000 rwxp 00000000 00:00 0 
7f89de84f000-7f89de852000 ---p 00000000 00:00 0 
7f89de852000-7f89de950000 rwxp 00000000 00:00 0 
7f89de950000-7f89de953000 ---p 00000000 00:00 0 
7f89de953000-7f89dea51000 rwxp 00000000 00:00 0 
7f89dea51000-7f89dea54000 ---p 00000000 00:00 0 
7f89dea54000-7f89deb52000 rwxp 00000000 00:00 0 
7f89deb52000-7f89deb55000 ---p 00000000 00:00 0 
7f89deb55000-7f89dec53000 rwxp 00000000 00:00 0 
7f89dec53000-7f89dec56000 ---p 00000000 00:00 0 
7f89dec56000-7f89ded54000 rwxp 00000000 00:00 0 
7f89ded54000-7f89ded57000 ---p 00000000 00:00 0 
7f89ded57000-7f89dee55000 rwxp 00000000 00:00 0 
7f89dee55000-7f89dee58000 ---p 00000000 00:00 0 
7f89dee58000-7f89def56000 rwxp 00000000 00:00 0 
7f89def56000-7f89def59000 ---p 00000000 00:00 0 
7f89def59000-7f89df057000 rwxp 00000000 00:00 0 
7f89df089000-7f89df0f9000 r-xs 007ed000 08:02 9704824                    /home/jaybeepee/android-sdk/android-sdk-linux/platforms/android-16/data/layoutlib.jar
7f89df0f9000-7f89df157000 r-xs 00696000 08:02 7345127                    /home/jaybeepee/android-sdk/android-sdk-linux/platforms/android-13/data/layoutlib.jar
7f89df157000-7f89df1a0000 r-xs 0040a000 08:02 4331587                    /opt/eclipse/plugins/org.eclipse.cdt.core_5.3.2.201202111925.jar
7f89df1cb000-7f89df1f2000 r-xs 001dd000 08:02 4331820                    /opt/eclipse/plugins/org.eclipse.egit.ui_1.3.0.201202151440-r.jar
7f89df1f2000-7f89df1f5000 ---p 00000000 00:00 0 
7f89df1f5000-7f89df2f3000 rwxp 00000000 00:00 0 
7f89df2f3000-7f89df2f6000 ---p 00000000 00:00 0 
7f89df2f6000-7f89df3f4000 rwxp 00000000 00:00 0 
7f89df3f4000-7f89df3f7000 ---p 00000000 00:00 0 
7f89df3f7000-7f89df4f5000 rwxp 00000000 00:00 0 
7f89df4f5000-7f89df4f8000 ---p 00000000 00:00 0 
7f89df4f8000-7f89df5f6000 rwxp 00000000 00:00 0 
7f89df5f6000-7f89df5f9000 ---p 00000000 00:00 0 
7f89df5f9000-7f89df6f7000 rwxp 00000000 00:00 0 
7f89df6f7000-7f89df6fa000 ---p 00000000 00:00 0 
7f89df6fa000-7f89df7f8000 rwxp 00000000 00:00 0 
7f89df7f8000-7f89df7fb000 ---p 00000000 00:00 0 
7f89df7fb000-7f89df8f9000 rwxp 00000000 00:00 0 
7f89df8f9000-7f89df8fc000 ---p 00000000 00:00 0 
7f89df8fc000-7f89df9fa000 rwxp 00000000 00:00 0 
7f89df9fa000-7f89df9fd000 ---p 00000000 00:00 0 
7f89df9fd000-7f89dfafb000 rwxp 00000000 00:00 0 
7f89dfafb000-7f89dfafe000 ---p 00000000 00:00 0 
7f89dfafe000-7f89dfbfc000 rwxp 00000000 00:00 0 
7f89dfbfc000-7f89dfbff000 ---p 00000000 00:00 0 
7f89dfbff000-7f89dfcfd000 rwxp 00000000 00:00 0 
7f89dfcfd000-7f89dfd00000 ---p 00000000 00:00 0 
7f89dfd00000-7f89dfdfe000 rwxp 00000000 00:00 0 
7f89dfdfe000-7f89dfe01000 ---p 00000000 00:00 0 
7f89dfe01000-7f89dfeff000 rwxp 00000000 00:00 0 
7f89dfeff000-7f89dff02000 ---p 00000000 00:00 0 
7f89dff02000-7f89e0000000 rwxp 00000000 00:00 0 
7f89e0000000-7f89e3768000 rwxp 00000000 00:00 0 
7f89e3768000-7f89e4000000 ---p 00000000 00:00 0 
7f89e4020000-7f89e4023000 ---p 00000000 00:00 0 
7f89e4023000-7f89e4121000 rwxp 00000000 00:00 0 
7f89e4121000-7f89e4124000 ---p 00000000 00:00 0 
7f89e4124000-7f89e4222000 rwxp 00000000 00:00 0 
7f89e4222000-7f89e4225000 ---p 00000000 00:00 0 
7f89e4225000-7f89e4323000 rwxp 00000000 00:00 0 
7f89e4323000-7f89e4326000 ---p 00000000 00:00 0 
7f89e4326000-7f89e4424000 rwxp 00000000 00:00 0 
7f89e4424000-7f89e4427000 ---p 00000000 00:00 0 
7f89e4427000-7f89e4525000 rwxp 00000000 00:00 0 
7f89e4525000-7f89e4528000 ---p 00000000 00:00 0 
7f89e4528000-7f89e4626000 rwxp 00000000 00:00 0 
7f89e4626000-7f89e4686000 rwxs 00000000 00:04 2850834                    /SYSV00000000 (deleted)
7f89e468b000-7f89e46b3000 r-xs 00214000 08:02 4331695                    /opt/eclipse/plugins/org.eclipse.ui.ide_3.7.0.v20110928-1505.jar
7f89e46b3000-7f89e46e5000 r-xs 0062f000 08:02 4329919                    /opt/eclipse/plugins/com.android.ide.eclipse.adt_20.0.1.v201207132230-403220.jar
7f89e46ed000-7f89e4722000 r-xs 00571000 08:02 4330718                    /opt/eclipse/plugins/org.eclipse.jdt.core_3.7.3.v_OTDT_r202_201202051448.jar
7f89e4747000-7f89e4781000 r-xp 00000000 08:02 3279503                    /usr/share/fonts/truetype/ttf-dejavu/DejaVuSansMono-BoldOblique.ttf
7f89e4781000-7f89e47bd000 r-xp 00000000 08:02 3279504                    /usr/share/fonts/truetype/ttf-dejavu/DejaVuSansMono-Oblique.ttf
7f89e47bd000-7f89e480a000 r-xp 00000000 08:02 3279502                    /usr/share/fonts/truetype/ttf-dejavu/DejaVuSansMono-Bold.ttf
7f89e480a000-7f89e485c000 r-xp 00000000 08:02 3279505                    /usr/share/fonts/truetype/ttf-dejavu/DejaVuSansMono.ttf
7f89e485e000-7f89e48f4000 r-xp 00000000 08:02 3279494                    /usr/share/fonts/truetype/ttf-dejavu/DejaVuSans-BoldOblique.ttf
7f89e48f4000-7f89e498a000 r-xp 00000000 08:02 3279496                    /usr/share/fonts/truetype/ttf-dejavu/DejaVuSans-Oblique.ttf
7f89e498a000-7f89e4a2f000 r-xp 00000000 08:02 3279493                    /usr/share/fonts/truetype/ttf-dejavu/DejaVuSans-Bold.ttf
7f89e4a2f000-7f89e4a32000 ---p 00000000 00:00 0 
7f89e4a32000-7f89e4b30000 rwxp 00000000 00:00 0 
7f89e4b30000-7f89e4b38000 r-xs 00115000 08:02 17436760                   /opt/jdk1.6.0_24/jre/lib/resources.jar
7f89e4b38000-7f89e4b3b000 ---p 00000000 00:00 0 
7f89e4b3b000-7f89e4c39000 rwxp 00000000 00:00 0 
7f89e4c39000-7f89e4c3c000 ---p 00000000 00:00 0 
7f89e4c3c000-7f89e4d3a000 rwxp 00000000 00:00 0 
7f89e4d3a000-7f89e4d3e000 r-xp 00000000 08:02 4985237                    /opt/eclipse/configuration/org.eclipse.osgi/bundles/44/1/.cp/os/linux/x86_64/libspawner.so
7f89e4d3e000-7f89e4f3d000 ---p 00004000 08:02 4985237                    /opt/eclipse/configuration/org.eclipse.osgi/bundles/44/1/.cp/os/linux/x86_64/libspawner.so
7f89e4f3d000-7f89e4f3e000 rwxp 00003000 08:02 4985237                    /opt/eclipse/configuration/org.eclipse.osgi/bundles/44/1/.cp/os/linux/x86_64/libspawner.so
7f89e4f7f000-7f89e4f98000 r-xs 00133000 08:02 4331972                    /opt/eclipse/plugins/org.eclipse.jdt.debug.ui_3.6.1.v20111006_r372.jar
7f89e4f98000-7f89e4fdf000 r-xs 003b3000 08:02 4331552                    /opt/eclipse/plugins/org.eclipse.ui.workbench_3.7.1.v20120104-1859.jar
7f89e4fdf000-7f89e5074000 r-xs 00929000 08:02 4331979                    /opt/eclipse/plugins/org.eclipse.jdt.ui_3.7.2.v20120109-1427.jar
7f89e5084000-7f89e5098000 r-xs 000f3000 08:02 4331565                    /opt/eclipse/plugins/org.eclipse.jface_3.7.0.v20110928-1505.jar
7f89e50a7000-7f89e50c8000 r-xs 00178000 08:02 4331510                    /opt/eclipse/plugins/org.eclipse.mylyn.tasks.ui_3.6.5.v20120215-0100.jar
7f89e50c8000-7f89e50d4000 r-xs 00081000 08:02 4331763                    /opt/eclipse/plugins/org.eclipse.ui.editors_3.7.0.v20110928-1504.jar
7f89e50d4000-7f89e50e7000 r-xs 000dd000 08:02 4331512                    /opt/eclipse/plugins/org.eclipse.jface.text_3.7.2.v20111213-1208.jar
7f89e50e7000-7f89e5100000 r-xs 000ed000 08:02 4331580                    /opt/eclipse/plugins/org.eclipse.cdt.debug.ui_7.1.2.201202111925.jar
7f89e5100000-7f89e5110000 r-xs 00111000 08:02 4331755                    /opt/eclipse/plugins/org.eclipse.cdt.managedbuilder.core_8.0.2.201202111925.jar
7f89e5111000-7f89e5123000 r-xs 000be000 08:02 4332135                    /opt/eclipse/plugins/org.eclipse.wst.server.ui_1.3.0.v20120210_1439.jar
7f89e5123000-7f89e5133000 r-xs 000db000 08:02 4331310                    /opt/eclipse/plugins/org.eclipse.ant.ui_3.5.101.v20120110-1739.jar
7f89e5139000-7f89e5142000 r-xs 0005e000 08:02 4331974                    /opt/eclipse/plugins/org.eclipse.jdt.junit_3.7.0.v20110928-1453.jar
7f89e5142000-7f89e5199000 r-xs 004b4000 08:02 4331710                    /opt/eclipse/plugins/org.eclipse.cdt.ui_5.3.2.201202111925.jar
7f89e519c000-7f89e51ce000 r-xs 00244000 08:02 4331549                    /opt/eclipse/plugins/org.eclipse.debug.ui_3.7.102.v20111129-1423_r372.jar
7f89e51ce000-7f89e51d5000 r-xs 00094000 08:02 17436700                   /opt/jdk1.6.0_24/jre/lib/jsse.jar
7f89e51d6000-7f89e51df000 r-xs 00058000 08:02 4331726                    /opt/eclipse/plugins/org.eclipse.team.core_3.6.0.I20110525-0800.jar
7f89e51df000-7f89e51e5000 r-xp 00000000 08:02 2623722                    /usr/lib/x86_64-linux-gnu/gdk-pixbuf-2.0/2.10.0/loaders/libpixbufloader-gif.so
7f89e51e5000-7f89e53e4000 ---p 00006000 08:02 2623722                    /usr/lib/x86_64-linux-gnu/gdk-pixbuf-2.0/2.10.0/loaders/libpixbufloader-gif.so
7f89e53e4000-7f89e53e5000 r-xp 00005000 08:02 2623722                    /usr/lib/x86_64-linux-gnu/gdk-pixbuf-2.0/2.10.0/loaders/libpixbufloader-gif.so
7f89e53e5000-7f89e53e6000 rwxp 00006000 08:02 2623722                    /usr/lib/x86_64-linux-gnu/gdk-pixbuf-2.0/2.10.0/loaders/libpixbufloader-gif.so
7f89e53eb000-7f89e53ff000 r-xs 0024b000 08:02 4331792                    /opt/eclipse/plugins/org.eclipse.swt.gtk.linux.x86_64_3.7.2.v3740f.jar
7f89e53ff000-7f89e5409000 r-xs 00058000 08:02 4329899                    /opt/eclipse/plugins/org.jboss.tools.jst.web.ui_3.3.1.v20120715-0241-H93-Final.jar
7f89e5409000-7f89e541a000 r-xs 000cc000 08:02 8790068                    /opt/eclipse/plugins/org.jboss.tools.common.model_3.3.1.v20120715-0209-H81-Final/org.jboss.tools.common.model.jar
7f89e541a000-7f89e5428000 r-xs 000a6000 08:02 4332164                    /opt/eclipse/plugins/org.eclipse.wst.xml.core_1.1.602.v201201091944.jar
7f89e542b000-7f89e5437000 r-xs 00083000 08:02 4331685                    /opt/eclipse/plugins/org.eclipse.ui.workbench.texteditor_3.7.0.v20110928-1504.jar
7f89e5437000-7f89e543a000 r-xs 00013000 08:02 17436698                   /opt/jdk1.6.0_24/jre/lib/jce.jar
7f89e5440000-7f89e544c000 r-xs 00072000 08:02 4331470                    /opt/eclipse/plugins/org.eclipse.cdt.debug.core_7.1.0.201202111925.jar
7f89e544c000-7f89e5458000 r-xs 000ba000 08:02 4331493                    /opt/eclipse/plugins/org.eclipse.core.resources_3.7.101.v20120125-1505.jar
7f89e5458000-7f89e5461000 r-xs 0005e000 08:02 4331681                    /opt/eclipse/plugins/org.eclipse.cdt.make.core_7.1.2.201202111925.jar
7f89e5461000-7f89e5467000 r-xs 00054000 08:02 10624243                   /opt/eclipse/configuration/org.eclipse.osgi/bundles/914/1/.cp/libs/sdklib.jar
7f89e546e000-7f89e547a000 r-xp 00000000 08:02 4594468                    /opt/eclipse/configuration/org.eclipse.osgi/bundles/271/1/.cp/libswt-cairo-gtk-3740.so
7f89e547a000-7f89e557a000 ---p 0000c000 08:02 4594468                    /opt/eclipse/configuration/org.eclipse.osgi/bundles/271/1/.cp/libswt-cairo-gtk-3740.so
7f89e557a000-7f89e557b000 rwxp 0000c000 08:02 4594468                    /opt/eclipse/configuration/org.eclipse.osgi/bundles/271/1/.cp/libswt-cairo-gtk-3740.so
7f89e557b000-7f89e557e000 rwxs 00000000 00:04 2818065                    /SYSV00000000 (deleted)
7f89e557f000-7f89e5582000 r-xs 00023000 08:02 4331312                    /opt/eclipse/plugins/org.eclipse.jdt.compiler.apt_1.0.400.v0110816-0800.jar
7f89e5587000-7f89e5590000 r-xs 0006f000 08:02 4329894                    /opt/eclipse/plugins/org.jboss.tools.jst.jsp_3.3.1.v20120715-0241-H93-Final.jar
7f89e5590000-7f89e5596000 r-xs 00039000 08:02 4332186                    /opt/eclipse/plugins/org.eclipse.wst.xsl.ui_1.1.200.v201103082057.jar
7f89e5596000-7f89e5599000 r-xs 00013000 08:02 4332168                    /opt/eclipse/plugins/org.eclipse.wst.xml.xpath.ui_1.1.100.v201105030025.jar
7f89e5599000-7f89e55ab000 r-xs 000db000 08:02 4332165                    /opt/eclipse/plugins/org.eclipse.wst.xml.ui_1.1.202.v201112071516.jar
7f89e55ab000-7f89e55b2000 r-xs 00052000 08:02 4332133                    /opt/eclipse/plugins/org.eclipse.wst.server.core_1.1.304.v20120208_1420.jar
7f89e55b6000-7f89e55bc000 r-xs 0003f000 08:02 4332112                    /opt/eclipse/plugins/org.eclipse.wst.html.ui_1.0.602.v201202091936.jar
7f89e55bc000-7f89e55c7000 r-xs 000a6000 08:02 4329884                    /opt/eclipse/plugins/org.jboss.tools.jsf_3.3.1.v20120715-0313-H119-Final.jar
7f89e55c7000-7f89e55d1000 r-xs 00062000 08:02 4332138                    /opt/eclipse/plugins/org.eclipse.wst.sse.core_1.1.602.v201112071516.jar
7f89e55d1000-7f89e55e9000 r-xs 00127000 08:02 4331791                    /opt/eclipse/plugins/org.apache.xerces_2.9.0.v201101211617.jar
7f89e55e9000-7f89e55f6000 r-xs 000af000 08:02 8000915                    /home/jaybeepee/android-sdk/android-sdk-linux/platform-tools/lib/dx.jar
7f89e55fb000-7f89e5605000 r-xs 00072000 08:02 4332061                    /opt/eclipse/plugins/org.eclipse.jst.jsp.ui_1.1.602.v201112071516.jar
7f89e560d000-7f89e5611000 r-xs 00020000 08:02 4331975                    /opt/eclipse/plugins/org.eclipse.jdt.junit.core_3.7.0.v20110928-1453.jar
7f89e5611000-7f89e5612000 r-xs 00004000 08:02 4331525                    /opt/eclipse/plugins/org.eclipse.swt_3.7.2.v3740f.jar
7f89e5614000-7f89e561c000 r-xs 0004d000 08:02 4331708                    /opt/eclipse/plugins/org.eclipse.debug.core_3.7.1.v20111129-2031.jar
7f89e561c000-7f89e562b000 r-xs 000f3000 08:02 10623486                   /opt/eclipse/configuration/org.eclipse.osgi/bundles/913/1/.cp/libs/lombok-ast-0.2.jar
7f89e562b000-7f89e562e000 ---p 00000000 00:00 0 
7f89e562e000-7f89e572c000 rwxp 00000000 00:00 0 
7f89e572f000-7f89e5732000 ---p 00000000 00:00 0 
7f89e5732000-7f89e5830000 rwxp 00000000 00:00 0 
7f89e5833000-7f89e5836000 ---p 00000000 00:00 0 
7f89e5836000-7f89e5934000 rwxp 00000000 00:00 0 
7f89e5934000-7f89e593f000 r-xp 00000000 08:02 4594447                    /opt/eclipse/configuration/org.eclipse.osgi/bundles/271/1/.cp/libswt-atk-gtk-3740.so
7f89e593f000-7f89e5a3f000 ---p 0000b000 08:02 4594447                    /opt/eclipse/configuration/org.eclipse.osgi/bundles/271/1/.cp/libswt-atk-gtk-3740.so
7f89e5a3f000-7f89e5a40000 rwxp 0000b000 08:02 4594447                    /opt/eclipse/configuration/org.eclipse.osgi/bundles/271/1/.cp/libswt-atk-gtk-3740.so
7f89e5a43000-7f89e5a46000 r-xs 00014000 08:02 4331721                    /opt/eclipse/plugins/org.eclipse.core.contenttype_3.4.100.v20110423-0524.jar
7f89e5a49000-7f89e5a4f000 r-xs 00034000 08:02 4332108                    /opt/eclipse/plugins/org.eclipse.wst.dtd.ui_1.0.600.v201103171359.jar
7f89e5a4f000-7f89e5a51000 r-xs 00011000 08:02 4331824                    /opt/eclipse/plugins/org.eclipse.equinox.util_1.0.300.v20110502.jar
7f89e5a51000-7f89e5a55000 r-xs 00018000 08:02 4331734                    /opt/eclipse/plugins/org.eclipse.cdt.codan.ui_2.0.1.201202111925.jar
7f89e5a55000-7f89e5a57000 r-xp 00000000 08:02 4594456                    /opt/eclipse/configuration/org.eclipse.osgi/bundles/84/1/.cp/os/linux/x86_64/libunixfile_1_0_0.so
7f89e5a57000-7f89e5b56000 ---p 00002000 08:02 4594456                    /opt/eclipse/configuration/org.eclipse.osgi/bundles/84/1/.cp/os/linux/x86_64/libunixfile_1_0_0.so
7f89e5b56000-7f89e5b57000 rwxp 00001000 08:02 4594456                    /opt/eclipse/configuration/org.eclipse.osgi/bundles/84/1/.cp/os/linux/x86_64/libunixfile_1_0_0.so
7f89e5b5a000-7f89e5b60000 r-xs 0003f000 08:02 4332105                    /opt/eclipse/plugins/org.eclipse.wst.css.ui_1.0.601.v201201101544.jar
7f89e5b60000-7f89e5b6a000 r-xs 00058000 08:02 4331533                    /opt/eclipse/plugins/org.eclipse.mylyn.commons.ui_3.6.1.v20110720-0100.jar
7f89e5b6a000-7f89e5b6c000 r-xs 00010000 08:02 4331771                    /opt/eclipse/plugins/org.eclipse.cdt.mylyn.ui_3.6.0.v20110608-1400.jar
7f89e5b6c000-7f89e5b70000 r-xs 0001d000 08:02 4331548                    /opt/eclipse/plugins/org.eclipse.cdt.codan.core_2.0.0.201202111925.jar
7f89e5b70000-7f89e5b75000 r-xs 00038000 08:02 4331543                    /opt/eclipse/plugins/org.eclipse.text_3.5.101.v20110928-1504.jar
7f89e5b75000-7f89e5b7d000 r-xs 00072000 08:02 4329896                    /opt/eclipse/plugins/org.jboss.tools.jst.web_3.3.1.v20120715-0241-H93-Final.jar
7f89e5b7d000-7f89e5b8e000 r-xs 000d3000 08:02 10623277                   /opt/eclipse/configuration/org.eclipse.osgi/bundles/913/1/.cp/libs/freemarker-2.3.19.jar
7f89e5b8e000-7f89e5b92000 r-xp 00000000 08:02 2623728                    /usr/lib/x86_64-linux-gnu/gdk-pixbuf-2.0/2.10.0/loaders/libpixbufloader-png.so
7f89e5b92000-7f89e5d92000 ---p 00004000 08:02 2623728                    /usr/lib/x86_64-linux-gnu/gdk-pixbuf-2.0/2.10.0/loaders/libpixbufloader-png.so
7f89e5d92000-7f89e5d93000 r-xp 00004000 08:02 2623728                    /usr/lib/x86_64-linux-gnu/gdk-pixbuf-2.0/2.10.0/loaders/libpixbufloader-png.so
7f89e5d93000-7f89e5d94000 rwxp 00005000 08:02 2623728                    /usr/lib/x86_64-linux-gnu/gdk-pixbuf-2.0/2.10.0/loaders/libpixbufloader-png.so
7f89e5d95000-7f89e5e45000 r-xp 00000000 08:02 3279497                    /usr/share/fonts/truetype/ttf-dejavu/DejaVuSans.ttf
7f89e5e45000-7f89e5e47000 r-xp 00000000 08:02 2623833                    /usr/lib/x86_64-linux-gnu/pango/1.6.0/modules/pango-basic-fc.so
7f89e5e47000-7f89e6046000 ---p 00002000 08:02 2623833                    /usr/lib/x86_64-linux-gnu/pango/1.6.0/modules/pango-basic-fc.so
7f89e6046000-7f89e6047000 r-xp 00001000 08:02 2623833                    /usr/lib/x86_64-linux-gnu/pango/1.6.0/modules/pango-basic-fc.so
7f89e6047000-7f89e6048000 rwxp 00002000 08:02 2623833                    /usr/lib/x86_64-linux-gnu/pango/1.6.0/modules/pango-basic-fc.so
7f89e6048000-7f89e6049000 r-xs 00000000 08:02 9175124                    /var/cache/fontconfig/c05880de57d1f5e948fdfacc138775d9-le64.cache-3
7f89e6049000-7f89e6052000 r-xs 00000000 08:02 9175121                    /var/cache/fontconfig/945677eb7aeaf62f1d50efc3fb3ec7d8-le64.cache-3
7f89e6052000-7f89e6054000 r-xs 00000000 08:02 9175122                    /var/cache/fontconfig/99e8ed0e538f840c565b6ed5dad60d56-le64.cache-3
7f89e6054000-7f89e6057000 r-xs 00000000 08:02 9186895                    /var/cache/fontconfig/e383d7ea5fbe662a33d9b44caf393297-le64.cache-3
7f89e6057000-7f89e605b000 r-xs 00000000 08:02 9175108                    /var/cache/fontconfig/2cd17615ca594fa2959ae173292e504c-le64.cache-3
7f89e605b000-7f89e605c000 r-xs 00000000 08:02 9175132                    /var/cache/fontconfig/e7071f4a29fa870f4323321c154eba04-le64.cache-3
7f89e605c000-7f89e6061000 r-xs 00000000 08:02 9175118                    /var/cache/fontconfig/6eb3985aa4124903f6ff08ba781cd364-le64.cache-3
7f89e6061000-7f89e6062000 r-xs 00000000 08:02 9175112                    /var/cache/fontconfig/4c73fe0c47614734b17d736dbde7580a-le64.cache-3
7f89e6062000-7f89e6063000 r-xs 00000000 08:02 9175105                    /var/cache/fontconfig/0d8c3b2ac0904cb8a57a757ad11a4a08-le64.cache-3
7f89e6063000-7f89e6091000 r-xs 00000000 08:02 9186874                    /var/cache/fontconfig/365b55f210c0a22e9a19e35191240f32-le64.cache-3
7f89e6091000-7f89e6096000 r-xp 00000000 08:02 2101199                    /usr/lib/libXtst.so.6.1.0
7f89e6096000-7f89e6295000 ---p 00005000 08:02 2101199                    /usr/lib/libXtst.so.6.1.0
7f89e6295000-7f89e6296000 r-xp 00004000 08:02 2101199                    /usr/lib/libXtst.so.6.1.0
7f89e6296000-7f89e6297000 rwxp 00005000 08:02 2101199                    /usr/lib/libXtst.so.6.1.0
7f89e6297000-7f89e630b000 r-xp 00000000 08:02 4594437                    /opt/eclipse/configuration/org.eclipse.osgi/bundles/271/1/.cp/libswt-pi-gtk-3740.so
7f89e630b000-7f89e640a000 ---p 00074000 08:02 4594437                    /opt/eclipse/configuration/org.eclipse.osgi/bundles/271/1/.cp/libswt-pi-gtk-3740.so
7f89e640a000-7f89e640d000 rwxp 00073000 08:02 4594437                    /opt/eclipse/configuration/org.eclipse.osgi/bundles/271/1/.cp/libswt-pi-gtk-3740.so
7f89e640d000-7f89e640f000 rwxp 00000000 00:00 0 
7f89e640f000-7f89e648d000 r-xp 00000000 08:02 4594436                    /opt/eclipse/configuration/org.eclipse.osgi/bundles/271/1/.cp/libswt-gtk-3740.so
7f89e648d000-7f89e658c000 ---p 0007e000 08:02 4594436                    /opt/eclipse/configuration/org.eclipse.osgi/bundles/271/1/.cp/libswt-gtk-3740.so
7f89e658c000-7f89e6593000 rwxp 0007d000 08:02 4594436                    /opt/eclipse/configuration/org.eclipse.osgi/bundles/271/1/.cp/libswt-gtk-3740.so
7f89e6593000-7f89e6596000 rwxp 00000000 00:00 0 
7f89e6596000-7f89e6599000 ---p 00000000 00:00 0 
7f89e6599000-7f89e6697000 rwxp 00000000 00:00 0 
7f89e6697000-7f89e669a000 ---p 00000000 00:00 0 
7f89e669a000-7f89e6798000 rwxp 00000000 00:00 0 
7f89e6798000-7f89e679b000 ---p 00000000 00:00 0 
7f89e679b000-7f89e6899000 rwxp 00000000 00:00 0 
7f89e6899000-7f89e689c000 ---p 00000000 00:00 0 
7f89e689c000-7f89e699a000 rwxp 00000000 00:00 0 
7f89e699a000-7f89e699d000 ---p 00000000 00:00 0 
7f89e699d000-7f89e6a9b000 rwxp 00000000 00:00 0 
7f89e6a9b000-7f89e6a9e000 ---p 00000000 00:00 0 
7f89e6a9e000-7f89e6b9c000 rwxp 00000000 00:00 0 
7f89e6b9c000-7f89e6b9f000 ---p 00000000 00:00 0 
7f89e6b9f000-7f89e6c9d000 rwxp 00000000 00:00 0 
7f89e6c9d000-7f89e6ca4000 r-xp 00000000 08:02 17436508                   /opt/jdk1.6.0_24/jre/lib/amd64/libnio.so
7f89e6ca4000-7f89e6da3000 ---p 00007000 08:02 17436508                   /opt/jdk1.6.0_24/jre/lib/amd64/libnio.so
7f89e6da3000-7f89e6da5000 rwxp 00006000 08:02 17436508                   /opt/jdk1.6.0_24/jre/lib/amd64/libnio.so
7f89e6da5000-7f89e6db8000 r-xp 00000000 08:02 17436507                   /opt/jdk1.6.0_24/jre/lib/amd64/libnet.so
7f89e6db8000-7f89e6eb9000 ---p 00013000 08:02 17436507                   /opt/jdk1.6.0_24/jre/lib/amd64/libnet.so
7f89e6eb9000-7f89e6ebc000 rwxp 00014000 08:02 17436507                   /opt/jdk1.6.0_24/jre/lib/amd64/libnet.so
7f89e6ebc000-7f89e6ebf000 r-xp 00000000 08:02 2623721                    /usr/lib/x86_64-linux-gnu/gdk-pixbuf-2.0/2.10.0/loaders/libpixbufloader-bmp.so
7f89e6ebf000-7f89e70bf000 ---p 00003000 08:02 2623721                    /usr/lib/x86_64-linux-gnu/gdk-pixbuf-2.0/2.10.0/loaders/libpixbufloader-bmp.so
7f89e70bf000-7f89e70c0000 r-xp 00003000 08:02 2623721                    /usr/lib/x86_64-linux-gnu/gdk-pixbuf-2.0/2.10.0/loaders/libpixbufloader-bmp.so
7f89e70c0000-7f89e70c1000 rwxp 00004000 08:02 2623721                    /usr/lib/x86_64-linux-gnu/gdk-pixbuf-2.0/2.10.0/loaders/libpixbufloader-bmp.so
7f89e70c1000-7f89e70ec000 r-xp 00000000 08:02 2229302                    /usr/lib/gtk-2.0/2.10.0/engines/libclearlooks.so
7f89e70ec000-7f89e72eb000 ---p 0002b000 08:02 2229302                    /usr/lib/gtk-2.0/2.10.0/engines/libclearlooks.so
7f89e72eb000-7f89e72ec000 r-xp 0002a000 08:02 2229302                    /usr/lib/gtk-2.0/2.10.0/engines/libclearlooks.so
7f89e72ec000-7f89e72ed000 rwxp 0002b000 08:02 2229302                    /usr/lib/gtk-2.0/2.10.0/engines/libclearlooks.so
7f89e72ed000-7f89e72f3000 r-xp 00000000 08:02 2105860                    /usr/lib/x86_64-linux-gnu/libogg.so.0.7.1
7f89e72f3000-7f89e74f2000 ---p 00006000 08:02 2105860                    /usr/lib/x86_64-linux-gnu/libogg.so.0.7.1
7f89e74f2000-7f89e74f3000 r-xp 00005000 08:02 2105860                    /usr/lib/x86_64-linux-gnu/libogg.so.0.7.1
7f89e74f3000-7f89e74f4000 rwxp 00006000 08:02 2105860                    /usr/lib/x86_64-linux-gnu/libogg.so.0.7.1
7f89e74f4000-7f89e751f000 r-xp 00000000 08:02 2099562                    /usr/lib/x86_64-linux-gnu/libvorbis.so.0.4.5
7f89e751f000-7f89e771e000 ---p 0002b000 08:02 2099562                    /usr/lib/x86_64-linux-gnu/libvorbis.so.0.4.5
7f89e771e000-7f89e771f000 r-xp 0002a000 08:02 2099562                    /usr/lib/x86_64-linux-gnu/libvorbis.so.0.4.5
7f89e771f000-7f89e7720000 rwxp 0002b000 08:02 2099562                    /usr/lib/x86_64-linux-gnu/libvorbis.so.0.4.5
7f89e7720000-7f89e7728000 r-xp 00000000 08:02 2101817                    /usr/lib/libltdl.so.7.3.0
7f89e7728000-7f89e7928000 ---p 00008000 08:02 2101817                    /usr/lib/libltdl.so.7.3.0
7f89e7928000-7f89e7929000 r-xp 00008000 08:02 2101817                    /usr/lib/libltdl.so.7.3.0
7f89e7929000-7f89e792a000 rwxp 00009000 08:02 2101817                    /usr/lib/libltdl.so.7.3.0
7f89e792a000-7f89e793a000 r-xp 00000000 08:02 2105953                    /usr/lib/x86_64-linux-gnu/libtdb.so.1.2.9
7f89e793a000-7f89e7b39000 ---p 00010000 08:02 2105953                    /usr/lib/x86_64-linux-gnu/libtdb.so.1.2.9
7f89e7b39000-7f89e7b3a000 r-xp 0000f000 08:02 2105953                    /usr/lib/x86_64-linux-gnu/libtdb.so.1.2.9
7f89e7b3a000-7f89e7b3b000 rwxp 00010000 08:02 2105953                    /usr/lib/x86_64-linux-gnu/libtdb.so.1.2.9
7f89e7b3b000-7f89e7b42000 r-xp 00000000 08:02 2099558                    /usr/lib/x86_64-linux-gnu/libvorbisfile.so.3.3.4
7f89e7b42000-7f89e7d41000 ---p 00007000 08:02 2099558                    /usr/lib/x86_64-linux-gnu/libvorbisfile.so.3.3.4
7f89e7d41000-7f89e7d42000 r-xp 00006000 08:02 2099558                    /usr/lib/x86_64-linux-gnu/libvorbisfile.so.3.3.4
7f89e7d42000-7f89e7d43000 rwxp 00007000 08:02 2099558                    /usr/lib/x86_64-linux-gnu/libvorbisfile.so.3.3.4
7f89e7d43000-7f89e7d52000 r-xp 00000000 08:02 2098171                    /usr/lib/libcanberra.so.0.2.5
7f89e7d52000-7f89e7f51000 ---p 0000f000 08:02 2098171                    /usr/lib/libcanberra.so.0.2.5
7f89e7f51000-7f89e7f52000 r-xp 0000e000 08:02 2098171                    /usr/lib/libcanberra.so.0.2.5
7f89e7f52000-7f89e7f53000 rwxp 0000f000 08:02 2098171                    /usr/lib/libcanberra.so.0.2.5
7f89e7f53000-7f89e7f57000 r-xp 00000000 08:02 2098181                    /usr/lib/libcanberra-gtk.so.0.1.8
7f89e7f57000-7f89e8156000 ---p 00004000 08:02 2098181                    /usr/lib/libcanberra-gtk.so.0.1.8
7f89e8156000-7f89e8157000 r-xp 00003000 08:02 2098181                    /usr/lib/libcanberra-gtk.so.0.1.8
7f89e8157000-7f89e8158000 rwxp 00004000 08:02 2098181                    /usr/lib/libcanberra-gtk.so.0.1.8
7f89e8158000-7f89e815d000 r-xp 00000000 08:02 2228721                    /usr/lib/gtk-2.0/modules/libcanberra-gtk-module.so
7f89e815d000-7f89e835c000 ---p 00005000 08:02 2228721                    /usr/lib/gtk-2.0/modules/libcanberra-gtk-module.so
7f89e835c000-7f89e835d000 r-xp 00004000 08:02 2228721                    /usr/lib/gtk-2.0/modules/libcanberra-gtk-module.so
7f89e835d000-7f89e835e000 rwxp 00005000 08:02 2228721                    /usr/lib/gtk-2.0/modules/libcanberra-gtk-module.so
7f89e835e000-7f89e837d000 r-xp 00000000 08:02 2105642                    /usr/lib/x86_64-linux-gnu/libatk-1.0.so.0.20209.1
7f89e837d000-7f89e857d000 ---p 0001f000 08:02 2105642                    /usr/lib/x86_64-linux-gnu/libatk-1.0.so.0.20209.1
7f89e857d000-7f89e857f000 r-xp 0001f000 08:02 2105642                    /usr/lib/x86_64-linux-gnu/libatk-1.0.so.0.20209.1
7f89e857f000-7f89e8580000 rwxp 00021000 08:02 2105642                    /usr/lib/x86_64-linux-gnu/libatk-1.0.so.0.20209.1
7f89e8580000-7f89e89b2000 r-xp 00000000 08:02 2099545                    /usr/lib/x86_64-linux-gnu/libgtk-x11-2.0.so.0.2400.6
7f89e89b2000-7f89e8bb1000 ---p 00432000 08:02 2099545                    /usr/lib/x86_64-linux-gnu/libgtk-x11-2.0.so.0.2400.6
7f89e8bb1000-7f89e8bb8000 r-xp 00431000 08:02 2099545                    /usr/lib/x86_64-linux-gnu/libgtk-x11-2.0.so.0.2400.6
7f89e8bb8000-7f89e8bbc000 rwxp 00438000 08:02 2099545                    /usr/lib/x86_64-linux-gnu/libgtk-x11-2.0.so.0.2400.6
7f89e8bbc000-7f89e8bbe000 rwxp 00000000 00:00 0 
7f89e8bbe000-7f89e8bc3000 r-xp 00000000 08:02 2105595                    /usr/lib/x86_64-linux-gnu/libXdmcp.so.6.0.0
7f89e8bc3000-7f89e8dc2000 ---p 00005000 08:02 2105595                    /usr/lib/x86_64-linux-gnu/libXdmcp.so.6.0.0
7f89e8dc2000-7f89e8dc3000 r-xp 00004000 08:02 2105595                    /usr/lib/x86_64-linux-gnu/libXdmcp.so.6.0.0
7f89e8dc3000-7f89e8dc4000 rwxp 00005000 08:02 2105595                    /usr/lib/x86_64-linux-gnu/libXdmcp.so.6.0.0
7f89e8dc4000-7f89e8dc6000 r-xp 00000000 08:02 2105579                    /usr/lib/x86_64-linux-gnu/libXau.so.6.0.0
7f89e8dc6000-7f89e8fc5000 ---p 00002000 08:02 2105579                    /usr/lib/x86_64-linux-gnu/libXau.so.6.0.0
7f89e8fc5000-7f89e8fc6000 r-xp 00001000 08:02 2105579                    /usr/lib/x86_64-linux-gnu/libXau.so.6.0.0
7f89e8fc6000-7f89e8fc7000 rwxp 00002000 08:02 2105579                    /usr/lib/x86_64-linux-gnu/libXau.so.6.0.0
7f89e8fc7000-7f89e8fe2000 r-xp 00000000 08:02 2105990                    /usr/lib/x86_64-linux-gnu/libxcb.so.1.1.0
7f89e8fe2000-7f89e91e1000 ---p 0001b000 08:02 2105990                    /usr/lib/x86_64-linux-gnu/libxcb.so.1.1.0
7f89e91e1000-7f89e91e2000 r-xp 0001a000 08:02 2105990                    /usr/lib/x86_64-linux-gnu/libxcb.so.1.1.0
7f89e91e2000-7f89e91e3000 rwxp 0001b000 08:02 2105990                    /usr/lib/x86_64-linux-gnu/libxcb.so.1.1.0
7f89e91e3000-7f89e91ea000 r-xp 00000000 08:02 2105978                    /usr/lib/x86_64-linux-gnu/libxcb-render.so.0.0.0
7f89e91ea000-7f89e93ea000 ---p 00007000 08:02 2105978                    /usr/lib/x86_64-linux-gnu/libxcb-render.so.0.0.0
7f89e93ea000-7f89e93eb000 r-xp 00007000 08:02 2105978                    /usr/lib/x86_64-linux-gnu/libxcb-render.so.0.0.0
7f89e93eb000-7f89e93ec000 rwxp 00008000 08:02 2105978                    /usr/lib/x86_64-linux-gnu/libxcb-render.so.0.0.0
7f89e93ec000-7f89e93ee000 r-xp 00000000 08:02 2105984                    /usr/lib/x86_64-linux-gnu/libxcb-shm.so.0.0.0
7f89e93ee000-7f89e95ed000 ---p 00002000 08:02 2105984                    /usr/lib/x86_64-linux-gnu/libxcb-shm.so.0.0.0
7f89e95ed000-7f89e95ee000 r-xp 00001000 08:02 2105984                    /usr/lib/x86_64-linux-gnu/libxcb-shm.so.0.0.0
7f89e95ee000-7f89e95ef000 rwxp 00002000 08:02 2105984                    /usr/lib/x86_64-linux-gnu/libxcb-shm.so.0.0.0
7f89e95ef000-7f89e9615000 r-xp 00000000 08:02 13897615                   /lib/x86_64-linux-gnu/libpng12.so.0.46.0
7f89e9615000-7f89e9815000 ---p 00026000 08:02 13897615                   /lib/x86_64-linux-gnu/libpng12.so.0.46.0
7f89e9815000-7f89e9816000 r-xp 00026000 08:02 13897615                   /lib/x86_64-linux-gnu/libpng12.so.0.46.0
7f89e9816000-7f89e9817000 rwxp 00027000 08:02 13897615                   /lib/x86_64-linux-gnu/libpng12.so.0.46.0
7f89e9817000-7f89e9885000 r-xp 00000000 08:02 2105897                    /usr/lib/x86_64-linux-gnu/libpixman-1.so.0.22.2
7f89e9885000-7f89e9a85000 ---p 0006e000 08:02 2105897                    /usr/lib/x86_64-linux-gnu/libpixman-1.so.0.22.2
7f89e9a85000-7f89e9a8a000 r-xp 0006e000 08:02 2105897                    /usr/lib/x86_64-linux-gnu/libpixman-1.so.0.22.2
7f89e9a8a000-7f89e9a8b000 rwxp 00073000 08:02 2105897                    /usr/lib/x86_64-linux-gnu/libpixman-1.so.0.22.2
7f89e9a8b000-7f89e9ab2000 r-xp 00000000 08:02 13897588                   /lib/x86_64-linux-gnu/libexpat.so.1.5.2
7f89e9ab2000-7f89e9cb2000 ---p 00027000 08:02 13897588                   /lib/x86_64-linux-gnu/libexpat.so.1.5.2
7f89e9cb2000-7f89e9cb4000 r-xp 00027000 08:02 13897588                   /lib/x86_64-linux-gnu/libexpat.so.1.5.2
7f89e9cb4000-7f89e9cb5000 rwxp 00029000 08:02 13897588                   /lib/x86_64-linux-gnu/libexpat.so.1.5.2
7f89e9cb5000-7f89e9ccc000 r-xp 00000000 08:02 13897367                   /lib/x86_64-linux-gnu/libresolv-2.13.so
7f89e9ccc000-7f89e9ecc000 ---p 00017000 08:02 13897367                   /lib/x86_64-linux-gnu/libresolv-2.13.so
7f89e9ecc000-7f89e9ecd000 r-xp 00017000 08:02 13897367                   /lib/x86_64-linux-gnu/libresolv-2.13.so
7f89e9ecd000-7f89e9ece000 rwxp 00018000 08:02 13897367                   /lib/x86_64-linux-gnu/libresolv-2.13.so
7f89e9ece000-7f89e9ed0000 rwxp 00000000 00:00 0 
7f89e9ed0000-7f89e9eec000 r-xp 00000000 08:02 13897430                   /lib/x86_64-linux-gnu/libselinux.so.1
7f89e9eec000-7f89ea0eb000 ---p 0001c000 08:02 13897430                   /lib/x86_64-linux-gnu/libselinux.so.1
7f89ea0eb000-7f89ea0ec000 r-xp 0001b000 08:02 13897430                   /lib/x86_64-linux-gnu/libselinux.so.1
7f89ea0ec000-7f89ea0ed000 rwxp 0001c000 08:02 13897430                   /lib/x86_64-linux-gnu/libselinux.so.1
7f89ea0ed000-7f89ea0ee000 rwxp 00000000 00:00 0 
7f89ea0ee000-7f89ea105000 r-xp 00000000 08:02 13897447                   /lib/x86_64-linux-gnu/libz.so.1.2.3.4
7f89ea105000-7f89ea304000 ---p 00017000 08:02 13897447                   /lib/x86_64-linux-gnu/libz.so.1.2.3.4
7f89ea304000-7f89ea305000 r-xp 00016000 08:02 13897447                   /lib/x86_64-linux-gnu/libz.so.1.2.3.4
7f89ea305000-7f89ea306000 rwxp 00017000 08:02 13897447                   /lib/x86_64-linux-gnu/libz.so.1.2.3.4
7f89ea306000-7f89ea309000 r-xp 00000000 08:02 2105773                    /usr/lib/x86_64-linux-gnu/libgmodule-2.0.so.0.3000.0
7f89ea309000-7f89ea508000 ---p 00003000 08:02 2105773                    /usr/lib/x86_64-linux-gnu/libgmodule-2.0.so.0.3000.0
7f89ea508000-7f89ea509000 r-xp 00002000 08:02 2105773                    /usr/lib/x86_64-linux-gnu/libgmodule-2.0.so.0.3000.0
7f89ea509000-7f89ea50a000 rwxp 00003000 08:02 2105773                    /usr/lib/x86_64-linux-gnu/libgmodule-2.0.so.0.3000.0
7f89ea50a000-7f89ea59c000 r-xp 00000000 08:02 2097543                    /usr/lib/x86_64-linux-gnu/libfreetype.so.6.6.2
7f89ea59c000-7f89ea79b000 ---p 00092000 08:02 2097543                    /usr/lib/x86_64-linux-gnu/libfreetype.so.6.6.2
7f89ea79b000-7f89ea7a1000 r-xp 00091000 08:02 2097543                    /usr/lib/x86_64-linux-gnu/libfreetype.so.6.6.2
7f89ea7a1000-7f89ea7a2000 rwxp 00097000 08:02 2097543                    /usr/lib/x86_64-linux-gnu/libfreetype.so.6.6.2
7f89ea7a2000-7f89ea7cc000 r-xp 00000000 08:02 2105875                    /usr/lib/x86_64-linux-gnu/libpangoft2-1.0.so.0.2903.0
7f89ea7cc000-7f89ea9cb000 ---p 0002a000 08:02 2105875                    /usr/lib/x86_64-linux-gnu/libpangoft2-1.0.so.0.2903.0
7f89ea9cb000-7f89ea9cc000 r-xp 00029000 08:02 2105875                    /usr/lib/x86_64-linux-gnu/libpangoft2-1.0.so.0.2903.0
7f89ea9cc000-7f89ea9cd000 rwxp 0002a000 08:02 2105875                    /usr/lib/x86_64-linux-gnu/libpangoft2-1.0.so.0.2903.0
7f89ea9cd000-7f89eab00000 r-xp 00000000 08:02 2105575                    /usr/lib/x86_64-linux-gnu/libX11.so.6.3.0
7f89eab00000-7f89ead00000 ---p 00133000 08:02 2105575                    /usr/lib/x86_64-linux-gnu/libX11.so.6.3.0
7f89ead00000-7f89ead01000 r-xp 00133000 08:02 2105575                    /usr/lib/x86_64-linux-gnu/libX11.so.6.3.0
7f89ead01000-7f89ead05000 rwxp 00134000 08:02 2105575                    /usr/lib/x86_64-linux-gnu/libX11.so.6.3.0
7f89ead05000-7f89eadbe000 r-xp 00000000 08:02 2105679                    /usr/lib/x86_64-linux-gnu/libcairo.so.2.11000.2
7f89eadbe000-7f89eafbd000 ---p 000b9000 08:02 2105679                    /usr/lib/x86_64-linux-gnu/libcairo.so.2.11000.2
7f89eafbd000-7f89eafbf000 r-xp 000b8000 08:02 2105679                    /usr/lib/x86_64-linux-gnu/libcairo.so.2.11000.2
7f89eafbf000-7f89eafc0000 rwxp 000ba000 08:02 2105679                    /usr/lib/x86_64-linux-gnu/libcairo.so.2.11000.2
7f89eafc0000-7f89eafc3000 rwxp 00000000 00:00 0 
7f89eafc3000-7f89eafc8000 r-xp 00000000 08:02 2105603                    /usr/lib/x86_64-linux-gnu/libXfixes.so.3.1.0
7f89eafc8000-7f89eb1c7000 ---p 00005000 08:02 2105603                    /usr/lib/x86_64-linux-gnu/libXfixes.so.3.1.0
7f89eb1c7000-7f89eb1c8000 r-xp 00004000 08:02 2105603                    /usr/lib/x86_64-linux-gnu/libXfixes.so.3.1.0
7f89eb1c8000-7f89eb1c9000 rwxp 00005000 08:02 2105603                    /usr/lib/x86_64-linux-gnu/libXfixes.so.3.1.0
7f89eb1c9000-7f89eb1cb000 r-xp 00000000 08:02 2105591                    /usr/lib/x86_64-linux-gnu/libXdamage.so.1.1.0
7f89eb1cb000-7f89eb3ca000 ---p 00002000 08:02 2105591                    /usr/lib/x86_64-linux-gnu/libXdamage.so.1.1.0
7f89eb3ca000-7f89eb3cb000 r-xp 00001000 08:02 2105591                    /usr/lib/x86_64-linux-gnu/libXdamage.so.1.1.0
7f89eb3cb000-7f89eb3cc000 rwxp 00002000 08:02 2105591                    /usr/lib/x86_64-linux-gnu/libXdamage.so.1.1.0
7f89eb3cc000-7f89eb3ce000 r-xp 00000000 08:02 2105583                    /usr/lib/x86_64-linux-gnu/libXcomposite.so.1.0.0
7f89eb3ce000-7f89eb5cd000 ---p 00002000 08:02 2105583                    /usr/lib/x86_64-linux-gnu/libXcomposite.so.1.0.0
7f89eb5cd000-7f89eb5ce000 r-xp 00001000 08:02 2105583                    /usr/lib/x86_64-linux-gnu/libXcomposite.so.1.0.0
7f89eb5ce000-7f89eb5cf000 rwxp 00002000 08:02 2105583                    /usr/lib/x86_64-linux-gnu/libXcomposite.so.1.0.0
7f89eb5cf000-7f89eb5d8000 r-xp 00000000 08:02 2105587                    /usr/lib/x86_64-linux-gnu/libXcursor.so.1.0.2
7f89eb5d8000-7f89eb7d7000 ---p 00009000 08:02 2105587                    /usr/lib/x86_64-linux-gnu/libXcursor.so.1.0.2
7f89eb7d7000-7f89eb7d8000 r-xp 00008000 08:02 2105587                    /usr/lib/x86_64-linux-gnu/libXcursor.so.1.0.2
7f89eb7d8000-7f89eb7d9000 rwxp 00009000 08:02 2105587                    /usr/lib/x86_64-linux-gnu/libXcursor.so.1.0.2
7f89eb7d9000-7f89eb7e1000 r-xp 00000000 08:02 2105619                    /usr/lib/x86_64-linux-gnu/libXrandr.so.2.2.0
7f89eb7e1000-7f89eb9e0000 ---p 00008000 08:02 2105619                    /usr/lib/x86_64-linux-gnu/libXrandr.so.2.2.0
7f89eb9e0000-7f89eb9e1000 r-xp 00007000 08:02 2105619                    /usr/lib/x86_64-linux-gnu/libXrandr.so.2.2.0
7f89eb9e1000-7f89eb9e2000 rwxp 00008000 08:02 2105619                    /usr/lib/x86_64-linux-gnu/libXrandr.so.2.2.0
7f89eb9e2000-7f89eb9f1000 r-xp 00000000 08:02 2099062                    /usr/lib/x86_64-linux-gnu/libXi.so.6.1.0
7f89eb9f1000-7f89ebbf0000 ---p 0000f000 08:02 2099062                    /usr/lib/x86_64-linux-gnu/libXi.so.6.1.0
7f89ebbf0000-7f89ebbf1000 r-xp 0000e000 08:02 2099062                    /usr/lib/x86_64-linux-gnu/libXi.so.6.1.0
7f89ebbf1000-7f89ebbf2000 rwxp 0000f000 08:02 2099062                    /usr/lib/x86_64-linux-gnu/libXi.so.6.1.0
7f89ebbf2000-7f89ebbf4000 r-xp 00000000 08:02 2105615                    /usr/lib/x86_64-linux-gnu/libXinerama.so.1.0.0
7f89ebbf4000-7f89ebdf3000 ---p 00002000 08:02 2105615                    /usr/lib/x86_64-linux-gnu/libXinerama.so.1.0.0
7f89ebdf3000-7f89ebdf4000 r-xp 00001000 08:02 2105615                    /usr/lib/x86_64-linux-gnu/libXinerama.so.1.0.0
7f89ebdf4000-7f89ebdf5000 rwxp 00002000 08:02 2105615                    /usr/lib/x86_64-linux-gnu/libXinerama.so.1.0.0
7f89ebdf5000-7f89ebdfe000 r-xp 00000000 08:02 2105623                    /usr/lib/x86_64-linux-gnu/libXrender.so.1.3.0
7f89ebdfe000-7f89ebffe000 ---p 00009000 08:02 2105623                    /usr/lib/x86_64-linux-gnu/libXrender.so.1.3.0
7f89ebffe000-7f89ebfff000 r-xp 00009000 08:02 2105623                    /usr/lib/x86_64-linux-gnu/libXrender.so.1.3.0
7f89ebfff000-7f89ec000000 rwxp 0000a000 08:02 2105623                    /usr/lib/x86_64-linux-gnu/libXrender.so.1.3.0
7f89ec000000-7f89ef7e1000 rwxp 00000000 00:00 0 
7f89ef7e1000-7f89f0000000 ---p 00000000 00:00 0 
7f89f0000000-7f89f0001000 r-xs 00000000 08:02 9175116                    /var/cache/fontconfig/6a53c69dea097a2d716e069445527da8-le64.cache-3
7f89f0001000-7f89f0007000 r-xs 00000000 08:02 9175123                    /var/cache/fontconfig/a755afe4a08bf5b97852ceb7400b47bc-le64.cache-3
7f89f0007000-7f89f000d000 r-xs 00000000 08:02 9175113                    /var/cache/fontconfig/515ca1ebc4b18308bea979be5704f9db-le64.cache-3
7f89f000d000-7f89f0016000 r-xs 00000000 08:02 9175117                    /var/cache/fontconfig/6d41288fd70b0be22e8c3a91e032eec0-le64.cache-3
7f89f0016000-7f89f0026000 r-xs 00000000 08:02 9175106                    /var/cache/fontconfig/0f34bcd4b6ee430af32735b75db7f02b-le64.cache-3
7f89f0026000-7f89f0029000 r-xs 00000000 08:02 9175129                    /var/cache/fontconfig/d60319d88cac85ba9e1a07bd06cfbb8c-le64.cache-3
7f89f0029000-7f89f0039000 r-xs 00000000 08:02 9175128                    /var/cache/fontconfig/d52a8644073d54c13679302ca1180695-le64.cache-3
7f89f0039000-7f89f0041000 r-xs 00000000 08:02 9186840                    /var/cache/fontconfig/153bb866d4d26e7cd19eee2129f8d8d2-le64.cache-3
7f89f0041000-7f89f004c000 r-xs 00000000 08:02 9175131                    /var/cache/fontconfig/e13b20fdb08344e0e664864cc2ede53d-le64.cache-3
7f89f004c000-7f89f0055000 r-xs 00052000 08:02 10623249                   /opt/eclipse/configuration/org.eclipse.osgi/bundles/913/1/.cp/libs/sdkuilib.jar
7f89f0055000-7f89f0091000 r-xs 00629000 08:02 4331825                    /opt/eclipse/plugins/com.ibm.icu_4.4.2.v20110823.jar
7f89f0092000-7f89f0099000 r-xs 00048000 08:02 4331867                    /opt/eclipse/plugins/org.eclipse.ltk.core.refactoring_3.5.201.r372_v20111101-0700.jar
7f89f0099000-7f89f00a3000 r-xs 00076000 08:02 4332104                    /opt/eclipse/plugins/org.eclipse.wst.css.core_1.1.501.v201111292150.jar
7f89f00a3000-7f89f00a5000 r-xs 0000f000 08:02 4329868                    /opt/eclipse/plugins/org.jboss.tools.common.validation_3.3.1.v20120715-0209-H81-Final.jar
7f89f00a5000-7f89f00aa000 r-xs 00025000 08:02 4329860                    /opt/eclipse/plugins/org.jboss.tools.common.el.core_3.3.1.v20120715-0209-H81-Final.jar
7f89f00aa000-7f89f00b9000 r-xs 0005f000 08:02 10623564                   /opt/eclipse/configuration/org.eclipse.osgi/bundles/913/1/.cp/libs/propertysheet.jar
7f89f00b9000-7f89f00ba000 r-xs 0000d000 08:02 4331314                    /opt/eclipse/plugins/org.eclipse.jdt.compiler.tool_1.0.100.v_B79_R37x.jar
7f89f00ba000-7f89f00bb000 r-xs 00004000 08:02 4331567                    /opt/eclipse/plugins/org.eclipse.cdt.core.linux.x86_64_5.2.0.201202111925.jar
7f89f00bc000-7f89f00bf000 r-xs 00019000 08:02 4331703                    /opt/eclipse/plugins/org.eclipse.core.filebuffers_3.5.200.v20110928-1504.jar
7f89f00bf000-7f89f00c2000 r-xs 00010000 08:02 4329895                    /opt/eclipse/plugins/org.jboss.tools.jst.text.ext_3.3.1.v20120715-0241-H93-Final.jar
7f89f00c2000-7f89f00c4000 r-xs 00009000 08:02 4331833                    /opt/eclipse/plugins/org.eclipse.cdt.codan.core.cxx_1.0.0.201202111925.jar
7f89f00c7000-7f89f00ca000 r-xs 00013000 08:02 4331971                    /opt/eclipse/plugins/org.eclipse.jdt.core.manipulation_1.4.0.v20110928-1453.jar
7f89f00ca000-7f89f00cc000 r-xs 00001000 08:02 4329917                    /opt/eclipse/plugins/org.jboss.tools.xulrunner.initializer_3.3.1.v20120715-0301-H105-Final.jar
7f89f00cc000-7f89f00cf000 r-xs 00019000 08:02 4331472                    /opt/eclipse/plugins/org.eclipse.mylyn.context.core_3.6.1.v20110720-0100.jar
7f89f00cf000-7f89f00d0000 r-xs 00005000 08:02 10623701                   /opt/eclipse/configuration/org.eclipse.osgi/bundles/913/1/.cp/libs/manifmerger.jar
7f89f00d0000-7f89f00d1000 r-xs 00001000 08:02 10623602                   /opt/eclipse/configuration/org.eclipse.osgi/bundles/913/1/.cp/libs/swtmenubar.jar
7f89f00d1000-7f89f00d2000 r-xs 00002000 08:02 10623575                   /opt/eclipse/configuration/org.eclipse.osgi/bundles/913/1/.cp/libs/ant-glob.jar
7f89f00d2000-7f89f00d4000 r-xs 00004000 08:02 10623549                   /opt/eclipse/configuration/org.eclipse.osgi/bundles/913/1/.cp/libs/asm-tree-4.0.jar
7f89f00d4000-7f89f00d6000 r-xs 0000a000 08:02 10623501                   /opt/eclipse/configuration/org.eclipse.osgi/bundles/913/1/.cp/libs/asm-4.0.jar
7f89f00d6000-7f89f00dd000 r-xs 00038000 08:02 4331536                    /opt/eclipse/plugins/org.eclipse.mylyn.context.ui_3.6.1.v20120112-0100.jar
7f89f00dd000-7f89f00e1000 r-xs 0001e000 08:02 4329878                    /opt/eclipse/plugins/org.jboss.tools.hibernate.xml_3.5.1.v20120715-0252-H98-Final.jar
7f89f00e1000-7f89f00ec000 r-xs 00086000 08:02 19793059                   /opt/eclipse/configuration/org.eclipse.osgi/bundles/884/1/.cp/struts.jar
7f89f00ec000-7f89f00f1000 r-xs 00039000 08:02 4335890                    /opt/eclipse/plugins/org.jboss.tools.seam.xml_3.3.0.v20120612-1916-H130-Final.jar
7f89f00f1000-7f89f00f4000 r-xs 0001c000 08:02 4335886                    /opt/eclipse/plugins/org.jboss.tools.seam.pages.xml_3.3.0.v20120612-1916-H130-Final.jar
7f89f00f4000-7f89f00f6000 r-xs 00007000 08:02 4332452                    /opt/eclipse/plugins/org.jboss.tools.cdi.xml_1.2.0.v20120611-1827-H85-Final.jar
7f89f00f6000-7f89f00f9000 r-xs 0001f000 08:02 4329859                    /opt/eclipse/plugins/org.jboss.tools.common_3.3.1.v20120715-0209-H81-Final.jar
7f89f00f9000-7f89f00fc000 r-xs 00014000 08:02 4331379                    /opt/eclipse/plugins/org.eclipse.core.jobs_3.5.101.v20120113-1953.jar
7f89f00fc000-7f89f0100000 r-xs 00017000 08:02 4331488                    /opt/eclipse/plugins/org.eclipse.core.commands_3.6.0.I20110111-0800.jar
7f89f0100000-7f89f0114000 r-xs 0013a000 08:02 4331531                    /opt/eclipse/plugins/org.eclipse.osgi_3.7.2.v20120110-1415.jar
7f89f0114000-7f89f0174000 rwxs 00000000 00:04 2785295                    /SYSV00000000 (deleted)
7f89f0174000-7f89f01d7000 rwxp 00000000 00:00 0 
7f89f01d7000-7f89f01e9000 r-xp 00000000 08:02 2105599                    /usr/lib/x86_64-linux-gnu/libXext.so.6.4.0
7f89f01e9000-7f89f03e8000 ---p 00012000 08:02 2105599                    /usr/lib/x86_64-linux-gnu/libXext.so.6.4.0
7f89f03e8000-7f89f03e9000 r-xp 00011000 08:02 2105599                    /usr/lib/x86_64-linux-gnu/libXext.so.6.4.0
7f89f03e9000-7f89f03ea000 rwxp 00012000 08:02 2105599                    /usr/lib/x86_64-linux-gnu/libXext.so.6.4.0
7f89f03ea000-7f89f041e000 r-xp 00000000 08:02 2105732                    /usr/lib/x86_64-linux-gnu/libfontconfig.so.1.4.4
7f89f041e000-7f89f061e000 ---p 00034000 08:02 2105732                    /usr/lib/x86_64-linux-gnu/libfontconfig.so.1.4.4
7f89f061e000-7f89f061f000 r-xp 00034000 08:02 2105732                    /usr/lib/x86_64-linux-gnu/libfontconfig.so.1.4.4
7f89f061f000-7f89f0620000 rwxp 00035000 08:02 2105732                    /usr/lib/x86_64-linux-gnu/libfontconfig.so.1.4.4
7f89f0620000-7f89f075b000 r-xp 00000000 08:02 2105763                    /usr/lib/x86_64-linux-gnu/libgio-2.0.so.0.3000.0
7f89f075b000-7f89f095a000 ---p 0013b000 08:02 2105763                    /usr/lib/x86_64-linux-gnu/libgio-2.0.so.0.3000.0
7f89f095a000-7f89f095e000 r-xp 0013a000 08:02 2105763                    /usr/lib/x86_64-linux-gnu/libgio-2.0.so.0.3000.0
7f89f095e000-7f89f0960000 rwxp 0013e000 08:02 2105763                    /usr/lib/x86_64-linux-gnu/libgio-2.0.so.0.3000.0
7f89f0960000-7f89f0962000 rwxp 00000000 00:00 0 
7f89f0962000-7f89f0980000 r-xp 00000000 08:02 2105755                    /usr/lib/x86_64-linux-gnu/libgdk_pixbuf-2.0.so.0.2400.0
7f89f0980000-7f89f0b7f000 ---p 0001e000 08:02 2105755                    /usr/lib/x86_64-linux-gnu/libgdk_pixbuf-2.0.so.0.2400.0
7f89f0b7f000-7f89f0b80000 r-xp 0001d000 08:02 2105755                    /usr/lib/x86_64-linux-gnu/libgdk_pixbuf-2.0.so.0.2400.0
7f89f0b80000-7f89f0b81000 rwxp 0001e000 08:02 2105755                    /usr/lib/x86_64-linux-gnu/libgdk_pixbuf-2.0.so.0.2400.0
7f89f0b81000-7f89f0bc8000 r-xp 00000000 08:02 2105865                    /usr/lib/x86_64-linux-gnu/libpango-1.0.so.0.2903.0
7f89f0bc8000-7f89f0dc8000 ---p 00047000 08:02 2105865                    /usr/lib/x86_64-linux-gnu/libpango-1.0.so.0.2903.0
7f89f0dc8000-7f89f0dca000 r-xp 00047000 08:02 2105865                    /usr/lib/x86_64-linux-gnu/libpango-1.0.so.0.2903.0
7f89f0dca000-7f89f0dcb000 rwxp 00049000 08:02 2105865                    /usr/lib/x86_64-linux-gnu/libpango-1.0.so.0.2903.0
7f89f0dcb000-7f89f0dd6000 r-xp 00000000 08:02 2105870                    /usr/lib/x86_64-linux-gnu/libpangocairo-1.0.so.0.2903.0
7f89f0dd6000-7f89f0fd6000 ---p 0000b000 08:02 2105870                    /usr/lib/x86_64-linux-gnu/libpangocairo-1.0.so.0.2903.0
7f89f0fd6000-7f89f0fd7000 r-xp 0000b000 08:02 2105870                    /usr/lib/x86_64-linux-gnu/libpangocairo-1.0.so.0.2903.0
7f89f0fd7000-7f89f0fd8000 rwxp 0000c000 08:02 2105870                    /usr/lib/x86_64-linux-gnu/libpangocairo-1.0.so.0.2903.0
7f89f0fd8000-7f89f1085000 r-xp 00000000 08:02 2099544                    /usr/lib/x86_64-linux-gnu/libgdk-x11-2.0.so.0.2400.6
7f89f1085000-7f89f1285000 ---p 000ad000 08:02 2099544                    /usr/lib/x86_64-linux-gnu/libgdk-x11-2.0.so.0.2400.6
7f89f1285000-7f89f1289000 r-xp 000ad000 08:02 2099544                    /usr/lib/x86_64-linux-gnu/libgdk-x11-2.0.so.0.2400.6
7f89f1289000-7f89f128b000 rwxp 000b1000 08:02 2099544                    /usr/lib/x86_64-linux-gnu/libgdk-x11-2.0.so.0.2400.6
7f89f128b000-7f89f12c6000 r-xp 00000000 08:02 13897421                   /lib/x86_64-linux-gnu/libpcre.so.3.12.1
7f89f12c6000-7f89f14c5000 ---p 0003b000 08:02 13897421                   /lib/x86_64-linux-gnu/libpcre.so.3.12.1
7f89f14c5000-7f89f14c6000 r-xp 0003a000 08:02 13897421                   /lib/x86_64-linux-gnu/libpcre.so.3.12.1
7f89f14c6000-7f89f14c7000 rwxp 0003b000 08:02 13897421                   /lib/x86_64-linux-gnu/libpcre.so.3.12.1
7f89f14c7000-7f89f14ce000 r-xp 00000000 08:02 2105728                    /usr/lib/x86_64-linux-gnu/libffi.so.6.0.0
7f89f14ce000-7f89f16cd000 ---p 00007000 08:02 2105728                    /usr/lib/x86_64-linux-gnu/libffi.so.6.0.0
7f89f16cd000-7f89f16ce000 r-xp 00006000 08:02 2105728                    /usr/lib/x86_64-linux-gnu/libffi.so.6.0.0
7f89f16ce000-7f89f16cf000 rwxp 00007000 08:02 2105728                    /usr/lib/x86_64-linux-gnu/libffi.so.6.0.0
7f89f16cf000-7f89f16d3000 r-xp 00000000 08:02 2105793                    /usr/lib/x86_64-linux-gnu/libgthread-2.0.so.0.3000.0
7f89f16d3000-7f89f18d2000 ---p 00004000 08:02 2105793                    /usr/lib/x86_64-linux-gnu/libgthread-2.0.so.0.3000.0
7f89f18d2000-7f89f18d3000 r-xp 00003000 08:02 2105793                    /usr/lib/x86_64-linux-gnu/libgthread-2.0.so.0.3000.0
7f89f18d3000-7f89f18d4000 rwxp 00004000 08:02 2105793                    /usr/lib/x86_64-linux-gnu/libgthread-2.0.so.0.3000.0
7f89f18d4000-7f89f19c8000 r-xp 00000000 08:02 13897389                   /lib/x86_64-linux-gnu/libglib-2.0.so.0.3000.0
7f89f19c8000-7f89f1bc7000 ---p 000f4000 08:02 13897389                   /lib/x86_64-linux-gnu/libglib-2.0.so.0.3000.0
7f89f1bc7000-7f89f1bc8000 r-xp 000f3000 08:02 13897389                   /lib/x86_64-linux-gnu/libglib-2.0.so.0.3000.0
7f89f1bc8000-7f89f1bc9000 rwxp 000f4000 08:02 13897389                   /lib/x86_64-linux-gnu/libglib-2.0.so.0.3000.0
7f89f1bc9000-7f89f1bca000 rwxp 00000000 00:00 0 
7f89f1bca000-7f89f1c18000 r-xp 00000000 08:02 2105784                    /usr/lib/x86_64-linux-gnu/libgobject-2.0.so.0.3000.0
7f89f1c18000-7f89f1e18000 ---p 0004e000 08:02 2105784                    /usr/lib/x86_64-linux-gnu/libgobject-2.0.so.0.3000.0
7f89f1e18000-7f89f1e19000 r-xp 0004e000 08:02 2105784                    /usr/lib/x86_64-linux-gnu/libgobject-2.0.so.0.3000.0
7f89f1e19000-7f89f1e1a000 rwxp 0004f000 08:02 2105784                    /usr/lib/x86_64-linux-gnu/libgobject-2.0.so.0.3000.0
7f89f1e1a000-7f89f1e1b000 rwxp 00000000 00:00 0 
7f89f1e1b000-7f89f1e1c000 r-xs 00000000 08:02 9180773                    /var/cache/fontconfig/4794a0821666d79190d59a36cb4f44b5-le64.cache-3
7f89f1e1c000-7f89f1e20000 r-xs 00000000 08:02 9186807                    /var/cache/fontconfig/7ef2298fde41cc6eeb7af42e48b7d293-le64.cache-3
7f89f1e20000-7f89f1e22000 r-xs 00013000 08:02 10623308                   /opt/eclipse/configuration/org.eclipse.osgi/bundles/913/1/.cp/libs/ide_common.jar
7f89f1e22000-7f89f1e24000 r-xs 00007000 08:02 10623312                   /opt/eclipse/configuration/org.eclipse.osgi/bundles/913/1/.cp/libs/rule_api.jar
7f89f1e24000-7f89f1e26000 r-xs 00006000 08:02 10623298                   /opt/eclipse/configuration/org.eclipse.osgi/bundles/913/1/.cp/libs/layoutlib_api.jar
7f89f1e26000-7f89f1e41000 r-xs 00000000 08:02 2622928                    /usr/share/mime/mime.cache
7f89f1e41000-7f89f1e50000 r-xp 00000000 08:02 4331577                    /opt/eclipse/plugins/org.eclipse.equinox.launcher.gtk.linux.x86_64_1.1.100.v20110505/eclipse_1407.so
7f89f1e50000-7f89f1f4f000 ---p 0000f000 08:02 4331577                    /opt/eclipse/plugins/org.eclipse.equinox.launcher.gtk.linux.x86_64_1.1.100.v20110505/eclipse_1407.so
7f89f1f4f000-7f89f1f51000 rwxp 0000e000 08:02 4331577                    /opt/eclipse/plugins/org.eclipse.equinox.launcher.gtk.linux.x86_64_1.1.100.v20110505/eclipse_1407.so
7f89f1f51000-7f89f1f52000 r-xs 0000b000 08:02 4331532                    /opt/eclipse/plugins/org.eclipse.equinox.launcher_1.2.0.v20110502.jar
7f89f1f52000-7f89f1f53000 ---p 00000000 00:00 0 
7f89f1f53000-7f89f2053000 rwxp 00000000 00:00 0 
7f89f2053000-7f89f2056000 ---p 00000000 00:00 0 
7f89f2056000-7f89f2154000 rwxp 00000000 00:00 0 
7f89f2154000-7f89f2157000 ---p 00000000 00:00 0 
7f89f2157000-7f89f2255000 rwxp 00000000 00:00 0 
7f89f2255000-7f89f2258000 ---p 00000000 00:00 0 
7f89f2258000-7f89f2356000 rwxp 00000000 00:00 0 
7f89f2356000-7f89f2359000 ---p 00000000 00:00 0 
7f89f2359000-7f89f2457000 rwxp 00000000 00:00 0 
7f89f2457000-7f89f2b3b000 r-xp 00000000 08:02 2104481                    /usr/lib/locale/locale-archive
7f89f2b3b000-7f89f2b3e000 ---p 00000000 00:00 0 
7f89f2b3e000-7f89f2c3c000 rwxp 00000000 00:00 0 
7f89f2c3c000-7f89f2c3f000 ---p 00000000 00:00 0 
7f89f2c3f000-7f89f2d3d000 rwxp 00000000 00:00 0 
7f89f2d3d000-7f89f2d3e000 ---p 00000000 00:00 0 
7f89f2d3e000-7f89f377b000 rwxp 00000000 00:00 0 
7f89f377b000-7f89f3913000 r-xs 03027000 08:02 17436761                   /opt/jdk1.6.0_24/jre/lib/rt.jar
7f89f3913000-7f89f3914000 ---p 00000000 00:00 0 
7f89f3914000-7f89f3a14000 rwxp 00000000 00:00 0 
7f89f3a14000-7f89f3a15000 ---p 00000000 00:00 0 
7f89f3a15000-7f89f3b15000 rwxp 00000000 00:00 0 
7f89f3b15000-7f89f3b16000 ---p 00000000 00:00 0 
7f89f3b16000-7f89f3c16000 rwxp 00000000 00:00 0 
7f89f3c16000-7f89f3c17000 ---p 00000000 00:00 0 
7f89f3c17000-7f89f3d17000 rwxp 00000000 00:00 0 
7f89f3d17000-7f89f3d18000 ---p 00000000 00:00 0 
7f89f3d18000-7f89f3e18000 rwxp 00000000 00:00 0 
7f89f3e18000-7f89f3e19000 ---p 00000000 00:00 0 
7f89f3e19000-7f89f3f19000 rwxp 00000000 00:00 0 
7f89f3f19000-7f89f3f1a000 ---p 00000000 00:00 0 
7f89f3f1a000-7f89f401a000 rwxp 00000000 00:00 0 
7f89f401a000-7f89f401b000 ---p 00000000 00:00 0 
7f89f401b000-7f89f4158000 rwxp 00000000 00:00 0 
7f89f4158000-7f89f419b000 rwxp 00000000 00:00 0 
7f89f419b000-7f89f42f1000 rwxp 00000000 00:00 0 
7f89f42f1000-7f89f4446000 rwxp 00000000 00:00 0 
7f89f4446000-7f89f4483000 rwxp 00000000 00:00 0 
7f89f4483000-7f89f44c6000 rwxp 00000000 00:00 0 
7f89f44c6000-7f89f461c000 rwxp 00000000 00:00 0 
7f89f461c000-7f89f4770000 rwxp 00000000 00:00 0 
7f89f4770000-7f89f48c6000 rwxp 00000000 00:00 0 
7f89f48c6000-7f89f53b7000 rwxp 00000000 00:00 0 
7f89f53b7000-7f89f78c7000 rwxp 00000000 00:00 0 
7f89f78c7000-7f89f78d5000 r-xp 00000000 08:02 17436516                   /opt/jdk1.6.0_24/jre/lib/amd64/libzip.so
7f89f78d5000-7f89f79d7000 ---p 0000e000 08:02 17436516                   /opt/jdk1.6.0_24/jre/lib/amd64/libzip.so
7f89f79d7000-7f89f79da000 rwxp 00010000 08:02 17436516                   /opt/jdk1.6.0_24/jre/lib/amd64/libzip.so
7f89f79da000-7f89f79db000 rwxp 00000000 00:00 0 
7f89f79db000-7f89f79e7000 r-xp 00000000 08:02 13897411                   /lib/x86_64-linux-gnu/libnss_files-2.13.so
7f89f79e7000-7f89f7be6000 ---p 0000c000 08:02 13897411                   /lib/x86_64-linux-gnu/libnss_files-2.13.so
7f89f7be6000-7f89f7be7000 r-xp 0000b000 08:02 13897411                   /lib/x86_64-linux-gnu/libnss_files-2.13.so
7f89f7be7000-7f89f7be8000 rwxp 0000c000 08:02 13897411                   /lib/x86_64-linux-gnu/libnss_files-2.13.so
7f89f7be8000-7f89f7bf2000 r-xp 00000000 08:02 13897419                   /lib/x86_64-linux-gnu/libnss_nis-2.13.so
7f89f7bf2000-7f89f7df2000 ---p 0000a000 08:02 13897419                   /lib/x86_64-linux-gnu/libnss_nis-2.13.so
7f89f7df2000-7f89f7df3000 r-xp 0000a000 08:02 13897419                   /lib/x86_64-linux-gnu/libnss_nis-2.13.so
7f89f7df3000-7f89f7df4000 rwxp 0000b000 08:02 13897419                   /lib/x86_64-linux-gnu/libnss_nis-2.13.so
7f89f7df4000-7f89f7dfc000 r-xp 00000000 08:02 13897371                   /lib/x86_64-linux-gnu/libnss_compat-2.13.so
7f89f7dfc000-7f89f7ffb000 ---p 00008000 08:02 13897371                   /lib/x86_64-linux-gnu/libnss_compat-2.13.so
7f89f7ffb000-7f89f7ffc000 r-xp 00007000 08:02 13897371                   /lib/x86_64-linux-gnu/libnss_compat-2.13.so
7f89f7ffc000-7f89f7ffd000 rwxp 00008000 08:02 13897371                   /lib/x86_64-linux-gnu/libnss_compat-2.13.so
7f89f7ffd000-7f89f8004000 r-xp 00000000 08:02 17436520                   /opt/jdk1.6.0_24/jre/lib/amd64/native_threads/libhpi.so
7f89f8004000-7f89f8105000 ---p 00007000 08:02 17436520                   /opt/jdk1.6.0_24/jre/lib/amd64/native_threads/libhpi.so
7f89f8105000-7f89f8107000 rwxp 00008000 08:02 17436520                   /opt/jdk1.6.0_24/jre/lib/amd64/native_threads/libhpi.so
7f89f8107000-7f89f8108000 rwxp 00000000 00:00 0 
7f89f8108000-7f89f811f000 r-xp 00000000 08:02 13897366                   /lib/x86_64-linux-gnu/libnsl-2.13.so
7f89f811f000-7f89f831e000 ---p 00017000 08:02 13897366                   /lib/x86_64-linux-gnu/libnsl-2.13.so
7f89f831e000-7f89f831f000 r-xp 00016000 08:02 13897366                   /lib/x86_64-linux-gnu/libnsl-2.13.so
7f89f831f000-7f89f8320000 rwxp 00017000 08:02 13897366                   /lib/x86_64-linux-gnu/libnsl-2.13.so
7f89f8320000-7f89f8322000 rwxp 00000000 00:00 0 
7f89f8322000-7f89f834b000 r-xp 00000000 08:02 17436494                   /opt/jdk1.6.0_24/jre/lib/amd64/libjava.so
7f89f834b000-7f89f844a000 ---p 00029000 08:02 17436494                   /opt/jdk1.6.0_24/jre/lib/amd64/libjava.so
7f89f844a000-7f89f8451000 rwxp 00028000 08:02 17436494                   /opt/jdk1.6.0_24/jre/lib/amd64/libjava.so
7f89f8451000-7f89f845e000 r-xp 00000000 08:02 17436515                   /opt/jdk1.6.0_24/jre/lib/amd64/libverify.so
7f89f845e000-7f89f855d000 ---p 0000d000 08:02 17436515                   /opt/jdk1.6.0_24/jre/lib/amd64/libverify.so
7f89f855d000-7f89f8560000 rwxp 0000c000 08:02 17436515                   /opt/jdk1.6.0_24/jre/lib/amd64/libverify.so
7f89f8560000-7f89f8567000 r-xp 00000000 08:02 13897358                   /lib/x86_64-linux-gnu/librt-2.13.so
7f89f8567000-7f89f8766000 ---p 00007000 08:02 13897358                   /lib/x86_64-linux-gnu/librt-2.13.so
7f89f8766000-7f89f8767000 r-xp 00006000 08:02 13897358                   /lib/x86_64-linux-gnu/librt-2.13.so
7f89f8767000-7f89f8768000 rwxp 00007000 08:02 13897358                   /lib/x86_64-linux-gnu/librt-2.13.so
7f89f8768000-7f89f876b000 ---p 00000000 00:00 0 
7f89f876b000-7f89f8869000 rwxp 00000000 00:00 0 
7f89f8869000-7f89f88ec000 r-xp 00000000 08:02 13897407                   /lib/x86_64-linux-gnu/libm-2.13.so
7f89f88ec000-7f89f8aeb000 ---p 00083000 08:02 13897407                   /lib/x86_64-linux-gnu/libm-2.13.so
7f89f8aeb000-7f89f8aec000 r-xp 00082000 08:02 13897407                   /lib/x86_64-linux-gnu/libm-2.13.so
7f89f8aec000-7f89f8aed000 rwxp 00083000 08:02 13897407                   /lib/x86_64-linux-gnu/libm-2.13.so
7f89f8aed000-7f89f932b000 r-xp 00000000 08:02 17436523                   /opt/jdk1.6.0_24/jre/lib/amd64/server/libjvm.so
7f89f932b000-7f89f942a000 ---p 0083e000 08:02 17436523                   /opt/jdk1.6.0_24/jre/lib/amd64/server/libjvm.so
7f89f942a000-7f89f95be000 rwxp 0083d000 08:02 17436523                   /opt/jdk1.6.0_24/jre/lib/amd64/server/libjvm.so
7f89f95be000-7f89f95f7000 rwxp 00000000 00:00 0 
7f89f95f7000-7f89f9790000 r-xp 00000000 08:02 13897425                   /lib/x86_64-linux-gnu/libc-2.13.so
7f89f9790000-7f89f998f000 ---p 00199000 08:02 13897425                   /lib/x86_64-linux-gnu/libc-2.13.so
7f89f998f000-7f89f9993000 r-xp 00198000 08:02 13897425                   /lib/x86_64-linux-gnu/libc-2.13.so
7f89f9993000-7f89f9994000 rwxp 0019c000 08:02 13897425                   /lib/x86_64-linux-gnu/libc-2.13.so
7f89f9994000-7f89f999a000 rwxp 00000000 00:00 0 
7f89f999a000-7f89f999c000 r-xp 00000000 08:02 13897406                   /lib/x86_64-linux-gnu/libdl-2.13.so
7f89f999c000-7f89f9b9c000 ---p 00002000 08:02 13897406                   /lib/x86_64-linux-gnu/libdl-2.13.so
7f89f9b9c000-7f89f9b9d000 r-xp 00002000 08:02 13897406                   /lib/x86_64-linux-gnu/libdl-2.13.so
7f89f9b9d000-7f89f9b9e000 rwxp 00003000 08:02 13897406                   /lib/x86_64-linux-gnu/libdl-2.13.so
7f89f9b9e000-7f89f9bb6000 r-xp 00000000 08:02 13897402                   /lib/x86_64-linux-gnu/libpthread-2.13.so
7f89f9bb6000-7f89f9db5000 ---p 00018000 08:02 13897402                   /lib/x86_64-linux-gnu/libpthread-2.13.so
7f89f9db5000-7f89f9db6000 r-xp 00017000 08:02 13897402                   /lib/x86_64-linux-gnu/libpthread-2.13.so
7f89f9db6000-7f89f9db7000 rwxp 00018000 08:02 13897402                   /lib/x86_64-linux-gnu/libpthread-2.13.so
7f89f9db7000-7f89f9dbb000 rwxp 00000000 00:00 0 
7f89f9dbb000-7f89f9ddc000 r-xp 00000000 08:02 13897412                   /lib/x86_64-linux-gnu/ld-2.13.so
7f89f9ddc000-7f89f9ddd000 r-xs 00002000 08:02 4331783                    /opt/eclipse/plugins/org.eclipse.cdt.core.linux_5.2.0.201202111925.jar
7f89f9ddd000-7f89f9de1000 r-xs 0007f000 08:02 10623340                   /opt/eclipse/configuration/org.eclipse.osgi/bundles/913/1/.cp/libs/assetstudio.jar
7f89f9de1000-7f89f9de3000 r-xs 00010000 08:02 4332211                    /opt/eclipse/plugins/org.eclipse.m2e.refactoring_1.0.200.20111228-1245.jar
7f89f9de3000-7f89f9de5000 r-xs 00004000 08:02 4331827                    /opt/eclipse/plugins/org.eclipse.cdt.codan.ui.cxx_2.0.0.201202111925.jar
7f89f9de5000-7f89f9e11000 rwxp 00000000 00:00 0 
7f89f9e11000-7f89f9ea5000 rwxp 00000000 00:00 0 
7f89f9ea5000-7f89f9ea8000 rwxp 00000000 00:00 0 
7f89f9ea8000-7f89f9eaf000 r-xp 00000000 08:02 17436478                   /opt/jdk1.6.0_24/jre/lib/amd64/jli/libjli.so
7f89f9eaf000-7f89f9fb0000 ---p 00007000 08:02 17436478                   /opt/jdk1.6.0_24/jre/lib/amd64/jli/libjli.so
7f89f9fb0000-7f89f9fb2000 rwxp 00008000 08:02 17436478                   /opt/jdk1.6.0_24/jre/lib/amd64/jli/libjli.so
7f89f9fb2000-7f89f9fb3000 rwxp 00000000 00:00 0 
7f89f9fb3000-7f89f9fb4000 r-xs 0000a000 08:02 10623266                   /opt/eclipse/configuration/org.eclipse.osgi/bundles/913/1/.cp/libs/kxml2-2.3.0.jar
7f89f9fb4000-7f89f9fb5000 r-xs 00002000 08:02 10623256                   /opt/eclipse/configuration/org.eclipse.osgi/bundles/913/1/.cp/libs/ninepatch.jar
7f89f9fb6000-7f89f9fb9000 r-xs 0000d000 08:02 4329897                    /opt/eclipse/plugins/org.jboss.tools.jst.web.tiles_3.3.1.v20120715-0241-H93-Final.jar
7f89f9fba000-7f89f9fbe000 r-xs 00029000 08:02 4331725                    /opt/eclipse/plugins/org.eclipse.equinox.registry_3.5.101.R37x_v20110810-1611.jar
7f89f9fbe000-7f89f9fc1000 r-xs 00032000 08:02 10623477                   /opt/eclipse/configuration/org.eclipse.osgi/bundles/913/1/.cp/libs/lint_checks.jar
7f89f9fc1000-7f89f9fc3000 r-xs 00015000 08:02 10623456                   /opt/eclipse/configuration/org.eclipse.osgi/bundles/913/1/.cp/libs/lint_api.jar
7f89f9fc3000-7f89f9fc5000 r-xs 0000e000 08:02 4331745                    /opt/eclipse/plugins/org.eclipse.compare.core_3.5.200.I20110208-0800.jar
7f89f9fc5000-7f89f9fc7000 r-xs 00008000 08:02 4331594                    /opt/eclipse/plugins/org.eclipse.mylyn.monitor.core_3.6.0.v20110608-1400.jar
7f89f9fc7000-7f89f9fc9000 r-xs 00001000 08:02 4331479                    /opt/eclipse/plugins/org.eclipse.ui.workbench.compatibility_3.2.100.I20110413-1600/compatibility.jar
7f89f9fc9000-7f89f9fcb000 r-xs 00018000 08:02 4331826                    /opt/eclipse/plugins/org.eclipse.equinox.common_3.6.0.v20110523.jar
7f89f9fcd000-7f89f9fce000 r-xs 00000000 08:02 3151433                    /home/jaybeepee/.local/share/mime/mime.cache
7f89f9fce000-7f89f9fcf000 r-xs 00002000 08:02 4331802                    /opt/eclipse/plugins/org.eclipse.core.runtime.compatibility.registry_3.5.0.v20110505/runtime_registry_compatibility.jar
7f89f9fcf000-7f89f9fd7000 rwxs 00000000 08:02 22023122                   /tmp/hsperfdata_jaybeepee/18897
7f89f9fd7000-7f89f9fd8000 rwxp 00000000 00:00 0 
7f89f9fd8000-7f89f9fd9000 r-xp 00000000 00:00 0 
7f89f9fd9000-7f89f9fdb000 rwxp 00000000 00:00 0 
7f89f9fdb000-7f89f9fdc000 r-xp 00020000 08:02 13897412                   /lib/x86_64-linux-gnu/ld-2.13.so
7f89f9fdc000-7f89f9fde000 rwxp 00021000 08:02 13897412                   /lib/x86_64-linux-gnu/ld-2.13.so
7fff2db11000-7fff2db32000 rwxp 00000000 00:00 0                          [stack]
7fff2dbff000-7fff2dc00000 r-xp 00000000 00:00 0                          [vdso]
ffffffffff600000-ffffffffff601000 r-xp 00000000 00:00 0                  [vsyscall]

VM Arguments:
jvm_args: -Dosgi.requiredJavaVersion=1.5 -XX:MaxPermSize=256m -Xms1024m -Xmx2048m 
java_command: /opt/eclipse//plugins/org.eclipse.equinox.launcher_1.2.0.v20110502.jar -os linux -ws gtk -arch x86_64 -showsplash -launcher /opt/eclipse/eclipse -name Eclipse --launcher.library /opt/eclipse//plugins/org.eclipse.equinox.launcher.gtk.linux.x86_64_1.1.100.v20110505/eclipse_1407.so -startup /opt/eclipse//plugins/org.eclipse.equinox.launcher_1.2.0.v20110502.jar --launcher.overrideVmargs -exitdata 2a000e -product org.eclipse.epp.package.cpp.product -vm /usr/bin/java -vmargs -Dosgi.requiredJavaVersion=1.5 -XX:MaxPermSize=256m -Xms1024m -Xmx2048m -jar /opt/eclipse//plugins/org.eclipse.equinox.launcher_1.2.0.v20110502.jar
Launcher Type: SUN_STANDARD

Environment Variables:
JAVA_HOME=/usr/lib/jvm/java-7-openjdk-amd64
PATH=/home/jaybeepee/bin:/usr/lib/lightdm/lightdm:/usr/local/sbin:/usr/local/bin:/usr/sbin:/usr/bin:/sbin:/bin:/usr/games:/opt/glassfish-3.1.2/bin:/opt/jdk1.6.0_24/bin/:/opt/glassfish-3.1.2/bin:/opt/jdk1.6.0_24/bin/:/opt/dex2jar-0.0.9.11/
USERNAME=jaybeepee
LD_LIBRARY_PATH=/opt/jdk1.6.0_24/jre/lib/amd64/server:/opt/jdk1.6.0_24/jre/lib/amd64:/opt/jdk1.6.0_24/jre/../lib/amd64
SHELL=/bin/bash
DISPLAY=:0

Signal Handlers:
SIGSEGV: [libjvm.so+0x791b30], sa_mask[0]=0x7ffbfeff, sa_flags=0x10000004
SIGBUS: [libjvm.so+0x791b30], sa_mask[0]=0x7ffbfeff, sa_flags=0x10000004
SIGFPE: [libjvm.so+0x640ba0], sa_mask[0]=0x7ffbfeff, sa_flags=0x10000004
SIGPIPE: SIG_IGN, sa_mask[0]=0x00001000, sa_flags=0x10000000
SIGXFSZ: [libjvm.so+0x640ba0], sa_mask[0]=0x7ffbfeff, sa_flags=0x10000004
SIGILL: [libjvm.so+0x640ba0], sa_mask[0]=0x7ffbfeff, sa_flags=0x10000004
SIGUSR1: SIG_DFL, sa_mask[0]=0x00000000, sa_flags=0x00000000
SIGUSR2: [libjvm.so+0x643780], sa_mask[0]=0x00000000, sa_flags=0x10000004
SIGHUP: [libjvm.so+0x643380], sa_mask[0]=0x7ffbfeff, sa_flags=0x10000004
SIGINT: [libjvm.so+0x643380], sa_mask[0]=0x7ffbfeff, sa_flags=0x10000004
SIGTERM: [libjvm.so+0x643380], sa_mask[0]=0x7ffbfeff, sa_flags=0x10000004
SIGQUIT: [libjvm.so+0x643380], sa_mask[0]=0x7ffbfeff, sa_flags=0x10000004


---------------  S Y S T E M  ---------------

OS:wheezy/sid

uname:Linux 3.0.0-12-generic #20-Ubuntu SMP Fri Oct 7 14:56:25 UTC 2011 x86_64
libc:glibc 2.13 NPTL 2.13 
rlimit: STACK 8192k, CORE 0k, NPROC 63508, NOFILE 4096, AS infinity
load average:0.29 0.70 0.48

/proc/meminfo:
MemTotal:        8144924 kB
MemFree:          588416 kB
Buffers:         1000788 kB
Cached:          2883120 kB
SwapCached:            0 kB
Active:          3775368 kB
Inactive:        2908216 kB
Active(anon):    2801716 kB
Inactive(anon):    13840 kB
Active(file):     973652 kB
Inactive(file):  2894376 kB
Unevictable:          72 kB
Mlocked:              72 kB
SwapTotal:       7811068 kB
SwapFree:        7811068 kB
Dirty:              6788 kB
Writeback:             0 kB
AnonPages:       2799908 kB
Mapped:           233688 kB
Shmem:             15848 kB
Slab:             644208 kB
SReclaimable:     608980 kB
SUnreclaim:        35228 kB
KernelStack:        4184 kB
PageTables:        32828 kB
NFS_Unstable:          0 kB
Bounce:                0 kB
WritebackTmp:          0 kB
CommitLimit:    11883528 kB
Committed_AS:    5694460 kB
VmallocTotal:   34359738367 kB
VmallocUsed:      350036 kB
VmallocChunk:   34359363068 kB
HardwareCorrupted:     0 kB
AnonHugePages:         0 kB
HugePages_Total:       0
HugePages_Free:        0
HugePages_Rsvd:        0
HugePages_Surp:        0
Hugepagesize:       2048 kB
DirectMap4k:      163840 kB
DirectMap2M:     8183808 kB


CPU:total 8 (4 cores per cpu, 2 threads per core) family 6 model 42 stepping 7, cmov, cx8, fxsr, mmx, sse, sse2, sse3, ssse3, sse4.1, sse4.2, popcnt, ht

Memory: 4k page, physical 8144924k(588416k free), swap 7811068k(7811068k free)

vm_info: Java HotSpot(TM) 64-Bit Server VM (19.1-b02) for linux-amd64 JRE (1.6.0_24-b07), built on Feb  2 2011 16:55:54 by "java_re" with gcc 3.2.2 (SuSE Linux)

time: Mon Nov 12 13:47:22 2012
elapsed time: 144 seconds

